<?xml version="1.0" encoding="UTF-8"?>
<testsuite xmlns:xsi="http://www.w3.org/2001/XMLSchema-instance" xsi:noNamespaceSchemaLocation="https://maven.apache.org/surefire/maven-surefire-plugin/xsd/surefire-test-report-3.0.xsd" version="3.0" name="testRunner.TestRunnerninja" time="86.224" tests="42" errors="0" skipped="0" failures="0">
  <properties>
[...]
</properties>
  <testcase name="User validates Home page" classname="HomePage" time="3.009">
    <system-out><![CDATA[[DEBUG] 2023-01-23 21:21:15.983 [main] InternalLoggerFactory - Using Log4J2 as the default logging framework
[DEBUG] 2023-01-23 21:21:15.998 [main] ResourceLeakDetector - -Dio.netty.leakDetection.level: simple
[DEBUG] 2023-01-23 21:21:15.998 [main] ResourceLeakDetector - -Dio.netty.leakDetection.targetRecords: 4
[DEBUG] 2023-01-23 21:21:16.003 [main] ResourceLeakDetectorFactory - Loaded default ResourceLeakDetector: io.netty.util.ResourceLeakDetector@777d191f
[DEBUG] 2023-01-23 21:21:16.016 [main] PlatformDependent0 - -Dio.netty.noUnsafe: false
[DEBUG] 2023-01-23 21:21:16.016 [main] PlatformDependent0 - Java version: 19
[DEBUG] 2023-01-23 21:21:16.018 [main] PlatformDependent0 - sun.misc.Unsafe.theUnsafe: available
[DEBUG] 2023-01-23 21:21:16.019 [main] PlatformDependent0 - sun.misc.Unsafe.copyMemory: available
[DEBUG] 2023-01-23 21:21:16.019 [main] PlatformDependent0 - sun.misc.Unsafe.storeFence: available
[DEBUG] 2023-01-23 21:21:16.021 [main] PlatformDependent0 - java.nio.Buffer.address: available
[DEBUG] 2023-01-23 21:21:16.021 [main] PlatformDependent0 - direct buffer constructor: unavailable: Reflective setAccessible(true) disabled
[DEBUG] 2023-01-23 21:21:16.021 [main] PlatformDependent0 - java.nio.Bits.unaligned: available, true
[DEBUG] 2023-01-23 21:21:16.022 [main] PlatformDependent0 - jdk.internal.misc.Unsafe.allocateUninitializedArray(int): unavailable: class io.netty.util.internal.PlatformDependent0$7 cannot access class jdk.internal.misc.Unsafe (in module java.base) because module java.base does not export jdk.internal.misc to unnamed module @4fe3c938
[DEBUG] 2023-01-23 21:21:16.023 [main] PlatformDependent0 - java.nio.DirectByteBuffer.<init>(long, int): unavailable
[DEBUG] 2023-01-23 21:21:16.023 [main] PlatformDependent - sun.misc.Unsafe: available
[DEBUG] 2023-01-23 21:21:16.023 [main] PlatformDependent - maxDirectMemory: 4211081216 bytes (maybe)
[DEBUG] 2023-01-23 21:21:16.023 [main] PlatformDependent - -Dio.netty.tmpdir: C:\Users\thann\AppData\Local\Temp (java.io.tmpdir)
[DEBUG] 2023-01-23 21:21:16.023 [main] PlatformDependent - -Dio.netty.bitMode: 64 (sun.arch.data.model)
[DEBUG] 2023-01-23 21:21:16.024 [main] PlatformDependent - Platform: Windows
[DEBUG] 2023-01-23 21:21:16.024 [main] PlatformDependent - -Dio.netty.maxDirectMemory: -1 bytes
[DEBUG] 2023-01-23 21:21:16.024 [main] PlatformDependent - -Dio.netty.uninitializedArrayAllocationThreshold: -1
[DEBUG] 2023-01-23 21:21:16.026 [main] CleanerJava9 - java.nio.ByteBuffer.cleaner(): available
[DEBUG] 2023-01-23 21:21:16.026 [main] PlatformDependent - -Dio.netty.noPreferDirect: false
[DEBUG] 2023-01-23 21:21:16.037 [main] PlatformDependent - org.jctools-core.MpscChunkedArrayQueue: available
[DEBUG] 2023-01-23 21:21:16.064 [main] InternalThreadLocalMap - -Dio.netty.threadLocalMap.stringBuilder.initialSize: 1024
[DEBUG] 2023-01-23 21:21:16.064 [main] InternalThreadLocalMap - -Dio.netty.threadLocalMap.stringBuilder.maxSize: 4096
[DEBUG] 2023-01-23 21:21:16.139 [main] JdkSslContext - Default protocols (JDK): [TLSv1.3, TLSv1.2] 
[DEBUG] 2023-01-23 21:21:16.140 [main] JdkSslContext - Default cipher suites (JDK): [TLS_ECDHE_ECDSA_WITH_AES_256_GCM_SHA384, TLS_ECDHE_ECDSA_WITH_AES_128_GCM_SHA256, TLS_ECDHE_RSA_WITH_AES_128_GCM_SHA256, TLS_ECDHE_RSA_WITH_AES_256_GCM_SHA384, TLS_ECDHE_RSA_WITH_AES_128_CBC_SHA, TLS_ECDHE_RSA_WITH_AES_256_CBC_SHA, TLS_RSA_WITH_AES_128_GCM_SHA256, TLS_RSA_WITH_AES_128_CBC_SHA, TLS_RSA_WITH_AES_256_CBC_SHA, TLS_AES_128_GCM_SHA256, TLS_AES_256_GCM_SHA384]
[DEBUG] 2023-01-23 21:21:16.165 [main] MultithreadEventLoopGroup - -Dio.netty.eventLoopThreads: 24
[DEBUG] 2023-01-23 21:21:16.176 [main] NioEventLoop - -Dio.netty.noKeySetOptimization: false
[DEBUG] 2023-01-23 21:21:16.176 [main] NioEventLoop - -Dio.netty.selectorAutoRebuildThreshold: 512
[DEBUG] 2023-01-23 21:21:16.261 [main] PooledByteBufAllocator - -Dio.netty.allocator.numHeapArenas: 24
[DEBUG] 2023-01-23 21:21:16.262 [main] PooledByteBufAllocator - -Dio.netty.allocator.numDirectArenas: 24
[DEBUG] 2023-01-23 21:21:16.262 [main] PooledByteBufAllocator - -Dio.netty.allocator.pageSize: 8192
[DEBUG] 2023-01-23 21:21:16.262 [main] PooledByteBufAllocator - -Dio.netty.allocator.maxOrder: 9
[DEBUG] 2023-01-23 21:21:16.262 [main] PooledByteBufAllocator - -Dio.netty.allocator.chunkSize: 4194304
[DEBUG] 2023-01-23 21:21:16.263 [main] PooledByteBufAllocator - -Dio.netty.allocator.smallCacheSize: 256
[DEBUG] 2023-01-23 21:21:16.263 [main] PooledByteBufAllocator - -Dio.netty.allocator.normalCacheSize: 64
[DEBUG] 2023-01-23 21:21:16.263 [main] PooledByteBufAllocator - -Dio.netty.allocator.maxCachedBufferCapacity: 32768
[DEBUG] 2023-01-23 21:21:16.263 [main] PooledByteBufAllocator - -Dio.netty.allocator.cacheTrimInterval: 8192
[DEBUG] 2023-01-23 21:21:16.263 [main] PooledByteBufAllocator - -Dio.netty.allocator.cacheTrimIntervalMillis: 0
[DEBUG] 2023-01-23 21:21:16.263 [main] PooledByteBufAllocator - -Dio.netty.allocator.useCacheForAllThreads: false
[DEBUG] 2023-01-23 21:21:16.263 [main] PooledByteBufAllocator - -Dio.netty.allocator.maxCachedByteBuffersPerChunk: 1023
[DEBUG] 2023-01-23 21:21:16.282 [main] ByteBufUtil - -Dio.netty.allocator.type: pooled
[DEBUG] 2023-01-23 21:21:16.282 [main] ByteBufUtil - -Dio.netty.threadLocalDirectBufferSize: 0
[DEBUG] 2023-01-23 21:21:16.284 [main] ByteBufUtil - -Dio.netty.maxThreadLocalCharBufferSize: 16384
[DEBUG] 2023-01-23 21:21:16.666 [Forwarding newSession on session null to remote] DefaultChannelId - -Dio.netty.processId: 4388 (auto-detected)
[DEBUG] 2023-01-23 21:21:16.667 [Forwarding newSession on session null to remote] NetUtil - -Djava.net.preferIPv4Stack: false
[DEBUG] 2023-01-23 21:21:16.668 [Forwarding newSession on session null to remote] NetUtil - -Djava.net.preferIPv6Addresses: false
[DEBUG] 2023-01-23 21:21:16.675 [Forwarding newSession on session null to remote] NetUtilInitializations - Loopback interface: lo (Software Loopback Interface 1, 127.0.0.1)
[DEBUG] 2023-01-23 21:21:16.676 [Forwarding newSession on session null to remote] NetUtil - Failed to get SOMAXCONN from sysctl and file \proc\sys\net\core\somaxconn. Default: 200
[DEBUG] 2023-01-23 21:21:16.704 [Forwarding newSession on session null to remote] DefaultChannelId - -Dio.netty.machineId: b4:8c:9d:ff:fe:d7:08:01 (auto-detected)
[DEBUG] 2023-01-23 21:21:16.760 [AsyncHttpClient-1-2] AbstractByteBuf - -Dio.netty.buffer.checkAccessible: true
[DEBUG] 2023-01-23 21:21:16.761 [AsyncHttpClient-1-2] AbstractByteBuf - -Dio.netty.buffer.checkBounds: true
[DEBUG] 2023-01-23 21:21:16.761 [AsyncHttpClient-1-2] ResourceLeakDetectorFactory - Loaded default ResourceLeakDetector: io.netty.util.ResourceLeakDetector@bd128ca
[DEBUG] 2023-01-23 21:21:16.795 [AsyncHttpClient-1-2] Recycler - -Dio.netty.recycler.maxCapacityPerThread: 4096
[DEBUG] 2023-01-23 21:21:16.795 [AsyncHttpClient-1-2] Recycler - -Dio.netty.recycler.ratio: 8
[DEBUG] 2023-01-23 21:21:16.795 [AsyncHttpClient-1-2] Recycler - -Dio.netty.recycler.chunkSize: 32
[DEBUG] 2023-01-23 21:21:16.795 [AsyncHttpClient-1-2] Recycler - -Dio.netty.recycler.blocking: false
[DEBUG] 2023-01-23 21:21:17.669 [AsyncHttpClient-1-2] Brotli - brotli4j not in the classpath; Brotli support will be unavailable.
[DEBUG] 2023-01-23 21:21:17.876 [main] ThreadLocalRandom - -Dio.netty.initialSeedUniquifier: 0xe2466839d911b912

@tag @tagHome
Scenario: User validates Home page                                                     &amp#27;[90m# src/test/resources/Features/TC0001_homePage.feature:24&amp#27;[0m
  &amp#27;[32mGiven &amp#27;[0m&amp#27;[32muser navigates to the dsportalapp webpage &amp#27;[0m&amp#27;[32m&amp#27;[1m"https://dsportalapp.herokuapp.com/"&amp#27;[0m &amp#27;[90m# stepdefinition.ninjaHomePage.user_navigates_to_the_dsportalapp_webpage(java.lang.String)&amp#27;[0m
  &amp#27;[32mWhen &amp#27;[0m&amp#27;[32muser clicks on Get Started button in Home&amp#27;[0m                                       &amp#27;[90m# stepdefinition.ninjaHomePage.user_clicks_on_get_started_button_in_Home()&amp#27;[0m
  &amp#27;[32mThen &amp#27;[0m&amp#27;[32mThe user clicks on data structures dropdown&amp#27;[0m                                     &amp#27;[90m# stepdefinition.ninjaHomePage.the_user_clicks_on_data_structures_dropdown()&amp#27;[0m
  &amp#27;[32mWhen &amp#27;[0m&amp#27;[32mThe user select any one of the dropdown menu&amp#27;[0m                                    &amp#27;[90m# stepdefinition.ninjaHomePage.the_user_select_any_one_of_the_dropdown_menu()&amp#27;[0m
  &amp#27;[32mThen &amp#27;[0m&amp#27;[32mIt should Alert the user with the message &amp#27;[0m&amp#27;[32m&amp#27;[1m"You are not logged in"&amp#27;[0m               &amp#27;[90m# stepdefinition.ninjaHomePage.it_should_alert_the_user_with_the_message(java.lang.String)&amp#27;[0m
  &amp#27;[32mWhen &amp#27;[0m&amp#27;[32mThe user click any of the Get started button in home page&amp#27;[0m                       &amp#27;[90m# stepdefinition.ninjaHomePage.the_user_click_any_of_the_get_started_button_in_home_page()&amp#27;[0m
  &amp#27;[32mThen &amp#27;[0m&amp#27;[32mIt should Alert the user with the message2 &amp#27;[0m&amp#27;[32m&amp#27;[1m"You are not logged in"&amp#27;[0m              &amp#27;[90m# stepdefinition.ninjaHomePage.it_should_alert_the_user_with_the_message2(java.lang.String)&amp#27;[0m
  &amp#27;[32mWhen &amp#27;[0m&amp#27;[32mThe user click on Register&amp#27;[0m                                                      &amp#27;[90m# stepdefinition.ninjaHomePage.the_user_click_on_register()&amp#27;[0m
  &amp#27;[32mThen &amp#27;[0m&amp#27;[32mThe user should be redirected to Register page&amp#27;[0m                                  &amp#27;[90m# stepdefinition.ninjaHomePage.the_user_should_be_redirected_to_register_page()&amp#27;[0m
]]></system-out>
    <system-err><![CDATA[SLF4J: No SLF4J providers were found.
SLF4J: Defaulting to no-operation (NOP) logger implementation
SLF4J: See https://www.slf4j.org/codes.html#noProviders for further details.
Starting ChromeDriver 109.0.5414.74 (e7c5703604daa9cc128ccf5a5d3e993513758913-refs/branch-heads/5414@{#1172}) on port 1826
Only local connections are allowed.
Please see https://chromedriver.chromium.org/security-considerations for suggestions on keeping ChromeDriver safe.
ChromeDriver was started successfully.
Jan 23, 2023 9:21:17 P.M. org.openqa.selenium.devtools.CdpVersionFinder findNearestMatch
WARNING: Unable to find an exact match for CDP version 109, so returning the closest version found: 106
]]></system-err>
  </testcase>
  <testcase name="Create a new user via the dsportalapp Portal" classname="Register" time="6.614">
    <system-out><![CDATA[
@tag1 @tagRegistration
Scenario Outline: Create a new user via the dsportalapp Portal                          &amp#27;[90m# src/test/resources/Features/TC001_Registration.feature:35&amp#27;[0m
  &amp#27;[32mGiven &amp#27;[0m&amp#27;[32muser navigates to the dsportalapp page url &amp#27;[0m&amp#27;[32m&amp#27;[1m"https://dsportalapp.herokuapp.com/"&amp#27;[0m &amp#27;[90m# stepdefinition.ninjaRegistration.user_navigates_to_the_dsportalapp_page_url(java.lang.String)&amp#27;[0m
  &amp#27;[32mWhen &amp#27;[0m&amp#27;[32muser clicks on Get Started button&amp#27;[0m                                                &amp#27;[90m# stepdefinition.ninjaRegistration.user_clicks_on_get_started_button()&amp#27;[0m
  &amp#27;[32mWhen &amp#27;[0m&amp#27;[32muser clicks on &amp#27;[0m&amp#27;[32m&amp#27;[1m'Register'&amp#27;[0m&amp#27;[32m link&amp#27;[0m                                                   &amp#27;[90m# stepdefinition.ninjaRegistration.user_clicks_on_link(java.lang.String)&amp#27;[0m
  &amp#27;[32mThen &amp#27;[0m&amp#27;[32mThe user enter the &amp#27;[0m&amp#27;[32m&amp#27;[1mLivyakumar43&amp#27;[0m&amp#27;[32m ,&amp#27;[0m&amp#27;[32m&amp#27;[1mLiviDhil@123&amp#27;[0m&amp#27;[32m and &amp#27;[0m&amp#27;[32m&amp#27;[1mLiviDhil@123&amp#27;[0m                   &amp#27;[90m# stepdefinition.ninjaRegistration.the_user_enter_the_user_name_password_and_confirm_password(java.lang.String,java.lang.String,java.lang.String)&amp#27;[0m
  &amp#27;[32mAnd &amp#27;[0m&amp#27;[32muser clicks on the &amp#27;[0m&amp#27;[32m&amp#27;[1m'Register'&amp#27;[0m&amp#27;[32m button&amp#27;[0m                                              &amp#27;[90m# stepdefinition.ninjaRegistration.user_clicks_on_the_button(java.lang.String)&amp#27;[0m
  &amp#27;[32mWhen &amp#27;[0m&amp#27;[32muser clicks on 'Sign Out link&amp#27;[0m                                                    &amp#27;[90m# stepdefinition.ninjaRegistration.user_clicks_on_sign_out_link()&amp#27;[0m
  &amp#27;[32mThen &amp#27;[0m&amp#27;[32muser will see a message &amp#27;[0m&amp#27;[32m&amp#27;[1m'Logged out successfully'&amp#27;[0m&amp#27;[32m and user is signed out&amp#27;[0m         &amp#27;[90m# stepdefinition.ninjaRegistration.user_will_see_a_message_and_user_is_signed_out(java.lang.String)&amp#27;[0m
]]></system-out>
  </testcase>
  <testcase name="Sign In with the Registered user in dsportalapp Portal" classname="Login" time="1.688">
    <system-out><![CDATA[
@tag1 @tagLogin
Scenario Outline: Sign In with the Registered user in dsportalapp Portal                       &amp#27;[90m# src/test/resources/Features/TC002_Login.feature:33&amp#27;[0m
  &amp#27;[32mGiven &amp#27;[0m&amp#27;[32muser navigates to the dsportalapp Login page &amp#27;[0m&amp#27;[32m&amp#27;[1m"https://dsportalapp.herokuapp.com/login"&amp#27;[0m &amp#27;[90m# stepdefinition.ninjaSignIn.user_navigates_to_the_dsportalapp_Login_page(java.lang.String)&amp#27;[0m
  &amp#27;[32mWhen &amp#27;[0m&amp#27;[32muser click on SignIn link&amp#27;[0m                                                               &amp#27;[90m# stepdefinition.ninjaSignIn.user_click_on_SignIn_link()&amp#27;[0m
  &amp#27;[32mWhen &amp#27;[0m&amp#27;[32muser enter the &amp#27;[0m&amp#27;[32m&amp#27;[1mLivyakumar31&amp#27;[0m&amp#27;[32mand&amp#27;[0m&amp#27;[32m&amp#27;[1mLiviDhil@123&amp#27;[0m                                              &amp#27;[90m# stepdefinition.ninjaSignIn.the_user_enter_the_user_name_and_password(java.lang.String,java.lang.String)&amp#27;[0m
  &amp#27;[32mWhen &amp#27;[0m&amp#27;[32muser clicks on the Login button&amp#27;[0m                                                         &amp#27;[90m# stepdefinition.ninjaSignIn.user_clicks_on_the_Login_button()&amp#27;[0m
  &amp#27;[32mThen &amp#27;[0m&amp#27;[32muser should be logged in&amp#27;[0m                                                                &amp#27;[90m# stepdefinition.ninjaSignIn.user_should_be_logged_in()&amp#27;[0m
]]></system-out>
  </testcase>
  <testcase name="User validate DataStructure Introduction page" classname="DataStructure" time="7.793">
    <system-out><![CDATA[
@tag @tagDataStructure
Scenario: User validate DataStructure Introduction page                                   &amp#27;[90m# src/test/resources/Features/TC004_dataStructure.feature:24&amp#27;[0m
  &amp#27;[32mGiven &amp#27;[0m&amp#27;[32mThe user navigates to Home Page &amp#27;[0m&amp#27;[32m&amp#27;[1m"https://dsportalapp.herokuapp.com/home"&amp#27;[0m          &amp#27;[90m# stepdefinition.ninjaDataStructure.the_user_navigates_to_home_page(java.lang.String)&amp#27;[0m
  &amp#27;[32mWhen &amp#27;[0m&amp#27;[32muser click on Get started button in Data Structure page&amp#27;[0m                            &amp#27;[90m# stepdefinition.ninjaDataStructure.user_click_on_get_started_button_in_data_structure_page()&amp#27;[0m
  &amp#27;[32mThen &amp#27;[0m&amp#27;[32mIt should navigate to corresponding page with title &amp#27;[0m&amp#27;[32m&amp#27;[1m"Data Structures-Introduction"&amp#27;[0m &amp#27;[90m# stepdefinition.ninjaDataStructure.it_should_navigate_to_corresponding_page_with_title(java.lang.String)&amp#27;[0m
  &amp#27;[32mWhen &amp#27;[0m&amp#27;[32muser click on Time Complexity link&amp#27;[0m                                                 &amp#27;[90m# stepdefinition.ninjaDataStructure.user_click_on_time_complexity_link()&amp#27;[0m
  &amp#27;[32mThen &amp#27;[0m&amp#27;[32mIt should navigate to corresponding page with title &amp#27;[0m&amp#27;[32m&amp#27;[1m"Time Complexity"&amp#27;[0m              &amp#27;[90m# stepdefinition.ninjaDataStructure.it_should_navigate_to_corresponding_page_with_title(java.lang.String)&amp#27;[0m
  &amp#27;[32mWhen &amp#27;[0m&amp#27;[32muser click on Try here button&amp#27;[0m                                                      &amp#27;[90m# stepdefinition.ninjaDataStructure.user_click_on_try_here_button()&amp#27;[0m
  &amp#27;[32mThen &amp#27;[0m&amp#27;[32mIt should navigate to corresponding page with title &amp#27;[0m&amp#27;[32m&amp#27;[1m"Assessment"&amp#27;[0m                   &amp#27;[90m# stepdefinition.ninjaDataStructure.it_should_navigate_to_corresponding_page_with_title(java.lang.String)&amp#27;[0m
  &amp#27;[32mWhen &amp#27;[0m&amp#27;[32muser enter the code&amp#27;[0m                                                                &amp#27;[90m# stepdefinition.ninjaDataStructure.user_enter_the_code()&amp#27;[0m
  &amp#27;[32mAnd &amp#27;[0m&amp#27;[32mclick on run button&amp#27;[0m                                                                 &amp#27;[90m# stepdefinition.ninjaDataStructure.click_on_run_button()&amp#27;[0m
  &amp#27;[32mAnd &amp#27;[0m&amp#27;[32mclick on back button&amp#27;[0m                                                                &amp#27;[90m# stepdefinition.ninjaDataStructure.click_on_back_button()&amp#27;[0m
  &amp#27;[32mThen &amp#27;[0m&amp#27;[32muser is navigated to home page &amp#27;[0m&amp#27;[32m&amp#27;[1m"https://dsportalapp.herokuapp.com/home"&amp#27;[0m            &amp#27;[90m# stepdefinition.ninjaDataStructure.user_is_navigated_to_home_page(java.lang.String)&amp#27;[0m
]]></system-out>
  </testcase>
  <testcase name="User validates Array Page" classname="Array" time="2.042">
    <system-out><![CDATA[
@tag @tagarray
Scenario: User validates Array Page                                                                       &amp#27;[90m# src/test/resources/Features/TC005_array.feature:24&amp#27;[0m
  &amp#27;[32mGiven &amp#27;[0m&amp#27;[32mThe user is in Ninja home page to navigate to Array Page &amp#27;[0m&amp#27;[32m&amp#27;[1m"https://dsportalapp.herokuapp.com/home"&amp#27;[0m &amp#27;[90m# stepdefinition.ninjaArray.the_user_is_in_ninja_home_page_to_navigate_to_array_page(java.lang.String)&amp#27;[0m
  &amp#27;[32mThen &amp#27;[0m&amp#27;[32mclick on Get started button under array&amp#27;[0m                                                            &amp#27;[90m# stepdefinition.ninjaArray.click_on_get_started_button_under_array()&amp#27;[0m
  &amp#27;[32mAnd &amp#27;[0m&amp#27;[32mIt should navigate to corresponding Array page with title &amp#27;[0m&amp#27;[32m&amp#27;[1m"Array"&amp#27;[0m                                   &amp#27;[90m# stepdefinition.ninjaArray.it_should_navigate_to_corresponding_array_page_with_title(java.lang.String)&amp#27;[0m
  &amp#27;[32mWhen &amp#27;[0m&amp#27;[32muser click on Arrays in Phython link&amp#27;[0m                                                               &amp#27;[90m# stepdefinition.ninjaArray.user_click_on_arrays_in_phython_link()&amp#27;[0m
  &amp#27;[32mAnd &amp#27;[0m&amp#27;[32mIt should navigate to corresponding Arrays in Python page with title &amp#27;[0m&amp#27;[32m&amp#27;[1m"Arrays in Python"&amp#27;[0m             &amp#27;[90m# stepdefinition.ninjaArray.it_should_navigate_to_corresponding_arrays_in_python_page_with_title(java.lang.String)&amp#27;[0m
  &amp#27;[32mThen &amp#27;[0m&amp#27;[32muser click on Try here in Arrays in Python page&amp#27;[0m                                                    &amp#27;[90m# stepdefinition.ninjaArray.user_click_on_try_here_in_arrays_in_python_page()&amp#27;[0m
  &amp#27;[32mAnd &amp#27;[0m&amp#27;[32mIt should navigate to corresponding Arrays in Python Assessment page with title &amp#27;[0m&amp#27;[32m&amp#27;[1m"Assessment"&amp#27;[0m        &amp#27;[90m# stepdefinition.ninjaArray.it_should_navigate_to_corresponding_arrays_in_python_assessment_page_with_title(java.lang.String)&amp#27;[0m
  &amp#27;[32mWhen &amp#27;[0m&amp#27;[32muser enter the Python code in Arrays in Python page&amp#27;[0m                                                &amp#27;[90m# stepdefinition.ninjaArray.user_enter_the_python_code_in_arrays_in_python_page()&amp#27;[0m
  &amp#27;[32mAnd &amp#27;[0m&amp#27;[32mclick on run button in Arrays in Python Assessment page&amp#27;[0m                                             &amp#27;[90m# stepdefinition.ninjaArray.click_on_run_button_in_arrays_in_python_assessment_page()&amp#27;[0m
  &amp#27;[32mThen &amp#27;[0m&amp#27;[32mUser navigates back to Arrays in Python page&amp#27;[0m                                                       &amp#27;[90m# stepdefinition.ninjaArray.user_navigates_back_to_arrays_in_python_page()&amp#27;[0m
]]></system-out>
  </testcase>
  <testcase name="User validate Arrays using list page" classname="Array" time="1.262">
    <system-out><![CDATA[
@tag @tagarraylist
Scenario: User validate Arrays using list page                                                      &amp#27;[90m# src/test/resources/Features/TC005_array.feature:37&amp#27;[0m
  &amp#27;[32mWhen &amp#27;[0m&amp#27;[32mUser click on Arrays using list&amp#27;[0m                                                              &amp#27;[90m# stepdefinition.ninjaArray.user_click_on_arrays_using_list()&amp#27;[0m
  &amp#27;[32mAnd &amp#27;[0m&amp#27;[32mIt should navigate to corresponding Arrays Using List page with title &amp#27;[0m&amp#27;[32m&amp#27;[1m"Arrays Using List"&amp#27;[0m     &amp#27;[90m# stepdefinition.ninjaArray.it_should_navigate_to_corresponding_arrays_using_list_page_with_title(java.lang.String)&amp#27;[0m
  &amp#27;[32mThen &amp#27;[0m&amp#27;[32muser click on Try here in Arrays Using List page&amp#27;[0m                                             &amp#27;[90m# stepdefinition.ninjaArray.user_click_on_try_here_in_arrays_using_list_page()&amp#27;[0m
  &amp#27;[32mAnd &amp#27;[0m&amp#27;[32mIt should navigate to corresponding Arrays Using List Assessment page with title &amp#27;[0m&amp#27;[32m&amp#27;[1m"Assessment"&amp#27;[0m &amp#27;[90m# stepdefinition.ninjaArray.it_should_navigate_to_corresponding_arrays_using_list_assessment_page_with_title(java.lang.String)&amp#27;[0m
  &amp#27;[32mWhen &amp#27;[0m&amp#27;[32muser enter the Python code in Arrays Using List page&amp#27;[0m                                         &amp#27;[90m# stepdefinition.ninjaArray.user_enter_the_python_code_in_arrays_using_list_page()&amp#27;[0m
  &amp#27;[32mAnd &amp#27;[0m&amp#27;[32mclick on run button in Arrays Using List Assessment page&amp#27;[0m                                      &amp#27;[90m# stepdefinition.ninjaArray.click_on_run_button_in_arrays_using_list_assessment_page()&amp#27;[0m
  &amp#27;[32mThen &amp#27;[0m&amp#27;[32mUser navigate back to Arrays Using List page&amp#27;[0m                                                 &amp#27;[90m# stepdefinition.ninjaArray.user_navigate_back_to_arrays_using_list_page()&amp#27;[0m
]]></system-out>
  </testcase>
  <testcase name="User validate Basic Operations in list page" classname="Array" time="1.214">
    <system-out><![CDATA[
@tag @tagarraybasic
Scenario: User validate Basic Operations in list page                                                    &amp#27;[90m# src/test/resources/Features/TC005_array.feature:47&amp#27;[0m
  &amp#27;[32mWhen &amp#27;[0m&amp#27;[32mUser click on Basic Operations in list&amp#27;[0m                                                            &amp#27;[90m# stepdefinition.ninjaArray.user_click_on_basic_operations_in_list()&amp#27;[0m
  &amp#27;[32mAnd &amp#27;[0m&amp#27;[32mIt should navigate to corresponding Operations in list page with title &amp#27;[0m&amp#27;[32m&amp#27;[1m"Basic Operations in Lists"&amp#27;[0m &amp#27;[90m# stepdefinition.ninjaArray.it_should_navigate_to_corresponding_operations_in_list_page_with_title(java.lang.String)&amp#27;[0m
  &amp#27;[32mThen &amp#27;[0m&amp#27;[32muser click on Try here in Operations in list page&amp#27;[0m                                                 &amp#27;[90m# stepdefinition.ninjaArray.user_click_on_try_here_in_operations_in_list_page()&amp#27;[0m
  &amp#27;[32mAnd &amp#27;[0m&amp#27;[32mIt should navigate to corresponding Operations in list Assessment page with title &amp#27;[0m&amp#27;[32m&amp#27;[1m"Assessment"&amp#27;[0m     &amp#27;[90m# stepdefinition.ninjaArray.it_should_navigate_to_corresponding_operations_in_list_assessment_page_with_title(java.lang.String)&amp#27;[0m
  &amp#27;[32mWhen &amp#27;[0m&amp#27;[32muser enter the Python code in Operations in list page&amp#27;[0m                                             &amp#27;[90m# stepdefinition.ninjaArray.user_enter_the_python_code_in_operations_in_list_page()&amp#27;[0m
  &amp#27;[32mAnd &amp#27;[0m&amp#27;[32mclick on run button in Operations in list Assessment page&amp#27;[0m                                          &amp#27;[90m# stepdefinition.ninjaArray.click_on_run_button_in_operations_in_list_assessment_page()&amp#27;[0m
  &amp#27;[32mThen &amp#27;[0m&amp#27;[32mUser navigate back to Operations in list page&amp#27;[0m                                                     &amp#27;[90m# stepdefinition.ninjaArray.user_navigate_back_to_operations_in_list_page()&amp#27;[0m
]]></system-out>
  </testcase>
  <testcase name="User validate Applications of Array page" classname="Array" time="1.147">
    <system-out><![CDATA[
@tag @tagarrayapplications
Scenario: User validate Applications of Array page                                                      &amp#27;[90m# src/test/resources/Features/TC005_array.feature:57&amp#27;[0m
  &amp#27;[32mWhen &amp#27;[0m&amp#27;[32mUser click on Applications of Array&amp#27;[0m                                                              &amp#27;[90m# stepdefinition.ninjaArray.user_click_on_applications_of_array()&amp#27;[0m
  &amp#27;[32mAnd &amp#27;[0m&amp#27;[32mIt should navigate to corresponding Applications of Array page with title &amp#27;[0m&amp#27;[32m&amp#27;[1m"Applications of Array"&amp#27;[0m &amp#27;[90m# stepdefinition.ninjaArray.it_should_navigate_to_corresponding_applications_of_array_page_with_title(java.lang.String)&amp#27;[0m
  &amp#27;[32mThen &amp#27;[0m&amp#27;[32muser click on Try here in Applications of Array page&amp#27;[0m                                             &amp#27;[90m# stepdefinition.ninjaArray.user_click_on_try_here_in_applications_of_array_page()&amp#27;[0m
  &amp#27;[32mAnd &amp#27;[0m&amp#27;[32mIt should navigate to corresponding Applications of Array Assessment page with title &amp#27;[0m&amp#27;[32m&amp#27;[1m"Assessment"&amp#27;[0m &amp#27;[90m# stepdefinition.ninjaArray.it_should_navigate_to_corresponding_applications_of_array_assessment_page_with_title(java.lang.String)&amp#27;[0m
  &amp#27;[32mWhen &amp#27;[0m&amp#27;[32muser enter the Python code in Applications of Array page&amp#27;[0m                                         &amp#27;[90m# stepdefinition.ninjaArray.user_enter_the_python_code_in_applications_of_array_page()&amp#27;[0m
  &amp#27;[32mAnd &amp#27;[0m&amp#27;[32mclick on run button in Applications of Array page&amp#27;[0m                                                 &amp#27;[90m# stepdefinition.ninjaArray.click_on_run_button_in_applications_of_array_page()&amp#27;[0m
  &amp#27;[32mThen &amp#27;[0m&amp#27;[32mUser navigate back to Applications of Array page&amp#27;[0m                                                 &amp#27;[90m# stepdefinition.ninjaArray.user_navigate_back_to_applications_of_array_page()&amp#27;[0m
]]></system-out>
  </testcase>
  <testcase name="User validate Practice Questions page" classname="Array" time="0.306">
    <system-out><![CDATA[
@tag @tagarraypractice
Scenario: User validate Practice Questions page                                                   &amp#27;[90m# src/test/resources/Features/TC005_array.feature:67&amp#27;[0m
  &amp#27;[32mWhen &amp#27;[0m&amp#27;[32muser click on Practice Questions&amp#27;[0m                                                           &amp#27;[90m# stepdefinition.ninjaArray.user_click_on_practice_questions()&amp#27;[0m
  &amp#27;[32mAnd &amp#27;[0m&amp#27;[32mIt should navigate to corresponding Practice Questions page with title &amp#27;[0m&amp#27;[32m&amp#27;[1m"Practice Questions"&amp#27;[0m &amp#27;[90m# stepdefinition.ninjaArray.it_should_navigate_to_corresponding_practice_questions_page_with_title(java.lang.String)&amp#27;[0m
]]></system-out>
  </testcase>
  <testcase name="User validates Search the array page" classname="Array" time="1.282">
    <system-out><![CDATA[
@tag @tagarraypracticesearch
Scenario Outline: User validates Search the array page                                  &amp#27;[90m# src/test/resources/Features/TC005_array.feature:72&amp#27;[0m
  &amp#27;[32mWhen &amp#27;[0m&amp#27;[32muser click on Search the array link&amp#27;[0m                                              &amp#27;[90m# stepdefinition.ninjaArray.user_click_on_search_the_array_link()&amp#27;[0m
  &amp#27;[32mAnd &amp#27;[0m&amp#27;[32mIt should navigate to corresponding Search the array page with title &amp#27;[0m&amp#27;[32m&amp#27;[1m"Assessment"&amp#27;[0m &amp#27;[90m# stepdefinition.ninjaArray.it_should_navigate_to_corresponding_search_the_array_page_with_title(java.lang.String)&amp#27;[0m
  &amp#27;[32mWhen &amp#27;[0m&amp#27;[32muser enter the Python code in Search the array page&amp#27;[0m                              &amp#27;[90m# stepdefinition.ninjaArray.user_enter_the_python_code_in_search_the_array_page()&amp#27;[0m
  &amp#27;[32mAnd &amp#27;[0m&amp#27;[32mclick on run button in Search the array page&amp#27;[0m                                      &amp#27;[90m# stepdefinition.ninjaArray.click_on_run_button_in_search_the_array_page()&amp#27;[0m
  &amp#27;[32mThen &amp#27;[0m&amp#27;[32mUser navigate back to Search the array page&amp#27;[0m                                      &amp#27;[90m# stepdefinition.ninjaArray.user_navigate_back_to_search_the_array_page()&amp#27;[0m
]]></system-out>
  </testcase>
  <testcase name="User validates Max Consecutive Ones page" classname="Array" time="1.248">
    <system-out><![CDATA[
@tag @tagarraypracticemax
Scenario Outline: User validates Max Consecutive Ones page                                  &amp#27;[90m# src/test/resources/Features/TC005_array.feature:81&amp#27;[0m
  &amp#27;[32mWhen &amp#27;[0m&amp#27;[32muser clicks on Max Consecutive Ones link&amp#27;[0m                                             &amp#27;[90m# stepdefinition.ninjaArray.user_clicks_on_max_consecutive_ones_link()&amp#27;[0m
  &amp#27;[32mAnd &amp#27;[0m&amp#27;[32mIt should navigate to corresponding Max Consecutive Ones page with title &amp#27;[0m&amp#27;[32m&amp#27;[1m"Assessment"&amp#27;[0m &amp#27;[90m# stepdefinition.ninjaArray.it_should_navigate_to_corresponding_max_consecutive_ones_page_with_title(java.lang.String)&amp#27;[0m
  &amp#27;[32mWhen &amp#27;[0m&amp#27;[32muser clear the text and enter the Python code in Max Consecutive Ones page&amp#27;[0m           &amp#27;[90m# stepdefinition.ninjaArray.user_clear_the_text_and_enter_the_python_code_in_max_consecutive_ones_page()&amp#27;[0m
  &amp#27;[32mAnd &amp#27;[0m&amp#27;[32mclick on run button in Max Consecutive Ones Assessment page&amp#27;[0m                           &amp#27;[90m# stepdefinition.ninjaArray.click_on_run_button_in_max_consecutive_ones_assessment_page()&amp#27;[0m
  &amp#27;[32mThen &amp#27;[0m&amp#27;[32mUser navigate back to Max Consecutive Ones&amp#27;[0m                                           &amp#27;[90m# stepdefinition.ninjaArray.user_navigate_back_to_max_consecutive_ones()&amp#27;[0m
]]></system-out>
  </testcase>
  <testcase name="User validate Even Number page" classname="Array" time="1.225">
    <system-out><![CDATA[
@tag @tagarraypracticeeven
Scenario Outline: User validate Even Number page                                    &amp#27;[90m# src/test/resources/Features/TC005_array.feature:89&amp#27;[0m
  &amp#27;[32mWhen &amp#27;[0m&amp#27;[32muser click on Find Numbers with Even Number of Digits&amp#27;[0m                        &amp#27;[90m# stepdefinition.ninjaArray.user_click_on_find_numbers_with_even_number_of_digits()&amp#27;[0m
  &amp#27;[32mAnd &amp#27;[0m&amp#27;[32mIt should navigate to corresponding Even Number page with title &amp#27;[0m&amp#27;[32m&amp#27;[1m"Assessment"&amp#27;[0m  &amp#27;[90m# stepdefinition.ninjaArray.it_should_navigate_to_corresponding_even_number_page_with_title(java.lang.String)&amp#27;[0m
  &amp#27;[32mWhen &amp#27;[0m&amp#27;[32muser clear the text and enter the Python code in Even Number Assessment page&amp#27;[0m &amp#27;[90m# stepdefinition.ninjaArray.user_clear_the_text_and_enter_the_python_code_in_even_number_assessment_page()&amp#27;[0m
  &amp#27;[32mAnd &amp#27;[0m&amp#27;[32mclick on run button in Even Number page&amp#27;[0m                                       &amp#27;[90m# stepdefinition.ninjaArray.click_on_run_button_in_even_number_page()&amp#27;[0m
  &amp#27;[32mThen &amp#27;[0m&amp#27;[32mUser navigate back to Even Number page&amp#27;[0m                                       &amp#27;[90m# stepdefinition.ninjaArray.user_navigate_back_to_even_number_page()&amp#27;[0m
]]></system-out>
  </testcase>
  <testcase name="User validate Sorted Array page" classname="Array" time="1.474">
    <system-out><![CDATA[
@tag @tagarraypracticesquare
Scenario Outline: User validate Sorted Array page                                                     &amp#27;[90m# src/test/resources/Features/TC005_array.feature:97&amp#27;[0m
  &amp#27;[32mWhen &amp#27;[0m&amp#27;[32muser click on Find Numbers with Squares of  a Sorted Array&amp#27;[0m                                     &amp#27;[90m# stepdefinition.ninjaArray.user_click_on_find_numbers_with_squares_of_a_sorted_array()&amp#27;[0m
  &amp#27;[32mAnd &amp#27;[0m&amp#27;[32mIt should navigate to corresponding Sorted Array page with title &amp#27;[0m&amp#27;[32m&amp#27;[1m"Assessment"&amp#27;[0m                   &amp#27;[90m# stepdefinition.ninjaArray.it_should_navigate_to_corresponding_sorted_array_page_with_title(java.lang.String)&amp#27;[0m
  &amp#27;[32mWhen &amp#27;[0m&amp#27;[32muser clear the text and enter the Python code in Sorted Array Assessment page&amp#27;[0m                  &amp#27;[90m# stepdefinition.ninjaArray.user_clear_the_text_and_enter_the_python_code_in_sorted_array_assessment_page()&amp#27;[0m
  &amp#27;[32mAnd &amp#27;[0m&amp#27;[32mclick on run button in Sorted Array page&amp#27;[0m                                                        &amp#27;[90m# stepdefinition.ninjaArray.click_on_run_button_in_sorted_array_page()&amp#27;[0m
  &amp#27;[32mThen &amp#27;[0m&amp#27;[32muser is navigated to home page from Sorted Array page &amp#27;[0m&amp#27;[32m&amp#27;[1m"https://dsportalapp.herokuapp.com/home"&amp#27;[0m &amp#27;[90m# stepdefinition.ninjaArray.user_is_navigated_to_home_page_from_sorted_array_page(java.lang.String)&amp#27;[0m
]]></system-out>
  </testcase>
  <testcase name="User validates LinkList Introduction page" classname="Linklist" time="2.332">
    <system-out><![CDATA[
@tag @taglinkIntro
Scenario: User validates LinkList Introduction page                                  &amp#27;[90m# src/test/resources/Features/TC006_linkList.feature:24&amp#27;[0m
  &amp#27;[32mGiven &amp#27;[0m&amp#27;[32mThe user is in Ninja home page &amp#27;[0m&amp#27;[32m&amp#27;[1m"https://dsportalapp.herokuapp.com/home"&amp#27;[0m      &amp#27;[90m# stepdefinition.ninjaLinkedList.the_user_is_in_ninja_home_page(java.lang.String)&amp#27;[0m
  &amp#27;[32mWhen &amp#27;[0m&amp#27;[32muser click on Get Started button on Linklist&amp#27;[0m                                  &amp#27;[90m# stepdefinition.ninjaLinkedList.user_click_on_get_started_button_on_linklist()&amp#27;[0m
  &amp#27;[32mThen &amp#27;[0m&amp#27;[32mIt should navigate to appropriate page with title &amp#27;[0m&amp#27;[32m&amp#27;[1m"Linked List"&amp#27;[0m               &amp#27;[90m# stepdefinition.ninjaLinkedList.it_should_navigate_to_appropriate_page_with_title(java.lang.String)&amp#27;[0m
  &amp#27;[32mWhen &amp#27;[0m&amp#27;[32muser click on Introduction link&amp#27;[0m                                               &amp#27;[90m# stepdefinition.ninjaLinkedList.user_click_on_introduction_link()&amp#27;[0m
  &amp#27;[32mThen &amp#27;[0m&amp#27;[32mIt should navigate to appropriate page with title Introduction &amp#27;[0m&amp#27;[32m&amp#27;[1m"Introduction"&amp#27;[0m &amp#27;[90m# stepdefinition.ninjaLinkedList.it_should_navigate_to_appropriate_page_with_title_Introduction(java.lang.String)&amp#27;[0m
  &amp#27;[32mWhen &amp#27;[0m&amp#27;[32muser click on Try here button in Introduction page&amp#27;[0m                            &amp#27;[90m# stepdefinition.ninjaLinkedList.user_click_on_try_here_button_in_introduction_page()&amp#27;[0m
  &amp#27;[32mThen &amp#27;[0m&amp#27;[32mIt should navigate to appropriate page with title Assessment &amp#27;[0m&amp#27;[32m&amp#27;[1m"Assessment"&amp#27;[0m     &amp#27;[90m# stepdefinition.ninjaLinkedList.it_should_navigate_to_appropriate_page_with_title_assessment(java.lang.String)&amp#27;[0m
  &amp#27;[32mWhen &amp#27;[0m&amp#27;[32muser enter the code in linklist assesement page&amp#27;[0m                               &amp#27;[90m# stepdefinition.ninjaLinkedList.user_enter_the_code_in_linklist_assesement_page()&amp#27;[0m
  &amp#27;[32mAnd &amp#27;[0m&amp#27;[32mclick on run button in linklist assesement page&amp#27;[0m                                &amp#27;[90m# stepdefinition.ninjaLinkedList.click_on_run_button_in_linklist_assesement_page()&amp#27;[0m
  &amp#27;[32mThen &amp#27;[0m&amp#27;[32mUser navigate back from linklist assesement page&amp#27;[0m                              &amp#27;[90m# stepdefinition.ninjaLinkedList.user_navigate_back_from_linklist_assesement_page()&amp#27;[0m
]]></system-out>
  </testcase>
  <testcase name="User validates Creating Linked List page" classname="Linklist" time="1.833">
    <system-out><![CDATA[
@tag @tagcreatelink
Scenario: User validates Creating Linked List page                              &amp#27;[90m# src/test/resources/Features/TC006_linkList.feature:37&amp#27;[0m
  &amp#27;[32mWhen &amp#27;[0m&amp#27;[32muser click on Creating Linked List&amp#27;[0m                                       &amp#27;[90m# stepdefinition.ninjaLinkedList.user_click_on_creating_linked_list()&amp#27;[0m
  &amp#27;[32mThen &amp#27;[0m&amp#27;[32mIt should navigate to appropriate page with title &amp#27;[0m&amp#27;[32m&amp#27;[1m"Creating Linked LIst"&amp#27;[0m &amp#27;[90m# stepdefinition.ninjaLinkedList.it_should_navigate_to_appropriate_page_with_title(java.lang.String)&amp#27;[0m
  &amp#27;[32mWhen &amp#27;[0m&amp#27;[32muser click on Try here button in Linked List page&amp#27;[0m                        &amp#27;[90m# stepdefinition.ninjaLinkedList.user_click_on_try_here_button_in_linked_list_page()&amp#27;[0m
  &amp#27;[32mThen &amp#27;[0m&amp#27;[32mIt should navigate to appropriate page with title &amp#27;[0m&amp#27;[32m&amp#27;[1m"Assessment"&amp#27;[0m           &amp#27;[90m# stepdefinition.ninjaLinkedList.it_should_navigate_to_appropriate_page_with_title(java.lang.String)&amp#27;[0m
  &amp#27;[32mWhen &amp#27;[0m&amp#27;[32muser enter the code in Creating Linked List page&amp#27;[0m                         &amp#27;[90m# stepdefinition.ninjaLinkedList.user_enter_the_code_in_creating_linked_list_page()&amp#27;[0m
  &amp#27;[32mAnd &amp#27;[0m&amp#27;[32mclick on run button in Creating Linked List page&amp#27;[0m                          &amp#27;[90m# stepdefinition.ninjaLinkedList.click_on_run_button_in_creating_linked_list_page()&amp#27;[0m
  &amp#27;[32mThen &amp#27;[0m&amp#27;[32mUser navigate back from Creating Linked List page&amp#27;[0m                        &amp#27;[90m# stepdefinition.ninjaLinkedList.user_navigate_back_from_creating_linked_list_page()&amp#27;[0m
]]></system-out>
  </testcase>
  <testcase name="User validate Types of Linked List page" classname="Linklist" time="1.849">
    <system-out><![CDATA[
@tag @taglinkedlist
Scenario: User validate Types of Linked List page                               &amp#27;[90m# src/test/resources/Features/TC006_linkList.feature:47&amp#27;[0m
  &amp#27;[32mWhen &amp#27;[0m&amp#27;[32muser click on Types of Linked List&amp#27;[0m                                       &amp#27;[90m# stepdefinition.ninjaLinkedList.user_click_on_types_of_linked_list()&amp#27;[0m
  &amp#27;[32mThen &amp#27;[0m&amp#27;[32mIt should navigate to appropriate page with title &amp#27;[0m&amp#27;[32m&amp#27;[1m"Types of Linked List"&amp#27;[0m &amp#27;[90m# stepdefinition.ninjaLinkedList.it_should_navigate_to_appropriate_page_with_title(java.lang.String)&amp#27;[0m
  &amp#27;[32mWhen &amp#27;[0m&amp#27;[32muser click on Try here button in Types of Linked List&amp#27;[0m                    &amp#27;[90m# stepdefinition.ninjaLinkedList.user_click_on_try_here_button_in_types_of_linked_list()&amp#27;[0m
  &amp#27;[32mThen &amp#27;[0m&amp#27;[32mIt should navigate to appropriate page with title &amp#27;[0m&amp#27;[32m&amp#27;[1m"Assessment"&amp#27;[0m           &amp#27;[90m# stepdefinition.ninjaLinkedList.it_should_navigate_to_appropriate_page_with_title(java.lang.String)&amp#27;[0m
  &amp#27;[32mWhen &amp#27;[0m&amp#27;[32muser enter code in Types of Linked List&amp#27;[0m                                  &amp#27;[90m# stepdefinition.ninjaLinkedList.user_enter_code_in_types_of_linked_list()&amp#27;[0m
  &amp#27;[32mAnd &amp#27;[0m&amp#27;[32mclick on run button in Types of Linked List&amp#27;[0m                               &amp#27;[90m# stepdefinition.ninjaLinkedList.click_on_run_button_in_types_of_linked_list()&amp#27;[0m
  &amp#27;[32mThen &amp#27;[0m&amp#27;[32mUser navigate back from Types of Linked List&amp#27;[0m                             &amp#27;[90m# stepdefinition.ninjaLinkedList.user_navigate_back_from_types_of_linked_list()&amp#27;[0m
]]></system-out>
  </testcase>
  <testcase name="User validate Implement Linked List in Python page" classname="Linklist" time="1.823">
    <system-out><![CDATA[
@tag @tagimplementlist
Scenario: User validate Implement Linked List in Python page                               &amp#27;[90m# src/test/resources/Features/TC006_linkList.feature:57&amp#27;[0m
  &amp#27;[32mWhen &amp#27;[0m&amp#27;[32muser click on Implement Linked List in Python&amp#27;[0m                                       &amp#27;[90m# stepdefinition.ninjaLinkedList.user_click_on_implement_linked_list_in_python()&amp#27;[0m
  &amp#27;[32mThen &amp#27;[0m&amp#27;[32mIt should navigate to appropriate page with title &amp#27;[0m&amp#27;[32m&amp#27;[1m"Implement Linked List in Python"&amp#27;[0m &amp#27;[90m# stepdefinition.ninjaLinkedList.it_should_navigate_to_appropriate_page_with_title(java.lang.String)&amp#27;[0m
  &amp#27;[32mWhen &amp#27;[0m&amp#27;[32muser click on Try here button in Implement Linked List&amp#27;[0m                              &amp#27;[90m# stepdefinition.ninjaLinkedList.user_click_on_try_here_button_in_implement_linked_list()&amp#27;[0m
  &amp#27;[32mThen &amp#27;[0m&amp#27;[32mIt should navigate to appropriate page with title &amp#27;[0m&amp#27;[32m&amp#27;[1m"Assessment"&amp#27;[0m                      &amp#27;[90m# stepdefinition.ninjaLinkedList.it_should_navigate_to_appropriate_page_with_title(java.lang.String)&amp#27;[0m
  &amp#27;[32mWhen &amp#27;[0m&amp#27;[32muser enter code in Implement Linked List page&amp#27;[0m                                       &amp#27;[90m# stepdefinition.ninjaLinkedList.user_enter_code_in_implement_linked_list_page()&amp#27;[0m
  &amp#27;[32mAnd &amp#27;[0m&amp#27;[32mclick on run button in Implement Linked List page&amp#27;[0m                                    &amp#27;[90m# stepdefinition.ninjaLinkedList.click_on_run_button_in_implement_linked_list_page()&amp#27;[0m
  &amp#27;[32mThen &amp#27;[0m&amp#27;[32mUser navigate back from Implement Linked List page&amp#27;[0m                                  &amp#27;[90m# stepdefinition.ninjaLinkedList.user_navigate_back_from_implement_linked_list_page()&amp#27;[0m
]]></system-out>
  </testcase>
  <testcase name="User validate Traversal page" classname="Linklist" time="1.795">
    <system-out><![CDATA[
@tag @tagTraversal
Scenario: User validate Traversal page                                &amp#27;[90m# src/test/resources/Features/TC006_linkList.feature:67&amp#27;[0m
  &amp#27;[32mWhen &amp#27;[0m&amp#27;[32muser click on Traversal link&amp#27;[0m                                   &amp#27;[90m# stepdefinition.ninjaLinkedList.user_click_on_traversal_link()&amp#27;[0m
  &amp#27;[32mThen &amp#27;[0m&amp#27;[32mIt should navigate to appropriate page with title &amp#27;[0m&amp#27;[32m&amp#27;[1m"Traversal"&amp#27;[0m  &amp#27;[90m# stepdefinition.ninjaLinkedList.it_should_navigate_to_appropriate_page_with_title(java.lang.String)&amp#27;[0m
  &amp#27;[32mWhen &amp#27;[0m&amp#27;[32muser click on Try here button in Traversal link page&amp#27;[0m           &amp#27;[90m# stepdefinition.ninjaLinkedList.user_click_on_try_here_button_in_traversal_link_page()&amp#27;[0m
  &amp#27;[32mThen &amp#27;[0m&amp#27;[32mIt should navigate to appropriate page with title &amp#27;[0m&amp#27;[32m&amp#27;[1m"Assessment"&amp#27;[0m &amp#27;[90m# stepdefinition.ninjaLinkedList.it_should_navigate_to_appropriate_page_with_title(java.lang.String)&amp#27;[0m
  &amp#27;[32mWhen &amp#27;[0m&amp#27;[32muser enter the code in Traversal link page&amp#27;[0m                     &amp#27;[90m# stepdefinition.ninjaLinkedList.user_enter_the_code_in_traversal_link_page()&amp#27;[0m
  &amp#27;[32mAnd &amp#27;[0m&amp#27;[32mclick on run button in Traversal link page&amp#27;[0m                      &amp#27;[90m# stepdefinition.ninjaLinkedList.click_on_run_button_in_traversal_link_page()&amp#27;[0m
  &amp#27;[32mThen &amp#27;[0m&amp#27;[32mUser navigate back from Traversal link page&amp#27;[0m                    &amp#27;[90m# stepdefinition.ninjaLinkedList.user_navigate_back_from_traversal_link_page()&amp#27;[0m
]]></system-out>
  </testcase>
  <testcase name="User validate Insertion page" classname="Linklist" time="1.874">
    <system-out><![CDATA[
@tag @tagInsertion
Scenario: User validate Insertion page                                &amp#27;[90m# src/test/resources/Features/TC006_linkList.feature:77&amp#27;[0m
  &amp#27;[32mWhen &amp#27;[0m&amp#27;[32muser click on Insertion link&amp#27;[0m                                   &amp#27;[90m# stepdefinition.ninjaLinkedList.user_click_on_insertion_link()&amp#27;[0m
  &amp#27;[32mThen &amp#27;[0m&amp#27;[32mIt should navigate to appropriate page with title &amp#27;[0m&amp#27;[32m&amp#27;[1m"Insertion"&amp#27;[0m  &amp#27;[90m# stepdefinition.ninjaLinkedList.it_should_navigate_to_appropriate_page_with_title(java.lang.String)&amp#27;[0m
  &amp#27;[32mWhen &amp#27;[0m&amp#27;[32muser click on Try here button in Insertion link page&amp#27;[0m           &amp#27;[90m# stepdefinition.ninjaLinkedList.user_click_on_try_here_button_in_insertion_link_page()&amp#27;[0m
  &amp#27;[32mThen &amp#27;[0m&amp#27;[32mIt should navigate to appropriate page with title &amp#27;[0m&amp#27;[32m&amp#27;[1m"Assessment"&amp#27;[0m &amp#27;[90m# stepdefinition.ninjaLinkedList.it_should_navigate_to_appropriate_page_with_title(java.lang.String)&amp#27;[0m
  &amp#27;[32mWhen &amp#27;[0m&amp#27;[32muser enter code in Insertion link page&amp#27;[0m                         &amp#27;[90m# stepdefinition.ninjaLinkedList.user_enter_code_in_insertion_link_page()&amp#27;[0m
  &amp#27;[32mAnd &amp#27;[0m&amp#27;[32mclick on run button in Insertion link page&amp#27;[0m                      &amp#27;[90m# stepdefinition.ninjaLinkedList.click_on_run_button_in_insertion_link_page()&amp#27;[0m
  &amp#27;[32mThen &amp#27;[0m&amp#27;[32mUser navigate back from Insertion link page&amp#27;[0m                    &amp#27;[90m# stepdefinition.ninjaLinkedList.user_navigate_back_from_insertion_link_page()&amp#27;[0m
]]></system-out>
  </testcase>
  <testcase name="User validate Deletion page" classname="Linklist" time="1.872">
    <system-out><![CDATA[
@tag @tagDeletion
Scenario: User validate Deletion page                                 &amp#27;[90m# src/test/resources/Features/TC006_linkList.feature:87&amp#27;[0m
  &amp#27;[32mWhen &amp#27;[0m&amp#27;[32muser click on Deletion link&amp#27;[0m                                    &amp#27;[90m# stepdefinition.ninjaLinkedList.user_click_on_deletion_link()&amp#27;[0m
  &amp#27;[32mThen &amp#27;[0m&amp#27;[32mIt should navigate to appropriate page with title &amp#27;[0m&amp#27;[32m&amp#27;[1m"Deletion"&amp#27;[0m   &amp#27;[90m# stepdefinition.ninjaLinkedList.it_should_navigate_to_appropriate_page_with_title(java.lang.String)&amp#27;[0m
  &amp#27;[32mWhen &amp#27;[0m&amp#27;[32muser click on Try here button in Deletion page&amp#27;[0m                 &amp#27;[90m# stepdefinition.ninjaLinkedList.user_click_on_try_here_button_in_deletion_page()&amp#27;[0m
  &amp#27;[32mThen &amp#27;[0m&amp#27;[32mIt should navigate to appropriate page with title &amp#27;[0m&amp#27;[32m&amp#27;[1m"Assessment"&amp#27;[0m &amp#27;[90m# stepdefinition.ninjaLinkedList.it_should_navigate_to_appropriate_page_with_title(java.lang.String)&amp#27;[0m
  &amp#27;[32mWhen &amp#27;[0m&amp#27;[32muser enter the code in in Deletion page&amp#27;[0m                        &amp#27;[90m# stepdefinition.ninjaLinkedList.user_enter_the_code_in_in_deletion_page()&amp#27;[0m
  &amp#27;[32mAnd &amp#27;[0m&amp#27;[32mclick on run button in Deletion page&amp#27;[0m                            &amp#27;[90m# stepdefinition.ninjaLinkedList.click_on_run_button_in_deletion_page()&amp#27;[0m
  &amp#27;[32mThen &amp#27;[0m&amp#27;[32mUser navigate back from Deletion page&amp#27;[0m                          &amp#27;[90m# stepdefinition.ninjaLinkedList.user_navigate_back_from_deletion_page()&amp#27;[0m
]]></system-out>
  </testcase>
  <testcase name="User validates Stack page" classname="Stack" time="1.71">
    <system-out><![CDATA[
@tag @tagStackOperations
Scenario: User validates Stack page                                                               &amp#27;[90m# src/test/resources/Features/TC007_stack.feature:24&amp#27;[0m
  &amp#27;[32mGiven &amp#27;[0m&amp#27;[32mThe user is in Ninja home page Stack &amp#27;[0m&amp#27;[32m&amp#27;[1m"https://dsportalapp.herokuapp.com/home"&amp#27;[0m             &amp#27;[90m# stepdefinition.ninjaStack.the_user_is_in_ninja_home_page_Stack(java.lang.String)&amp#27;[0m
  &amp#27;[32mWhen &amp#27;[0m&amp#27;[32muser clicks on Get Started button under Stack&amp#27;[0m                                              &amp#27;[90m# stepdefinition.ninjaStack.user_clicks_on_get_started_button_under_stack()&amp#27;[0m
  &amp#27;[32mThen &amp#27;[0m&amp#27;[32mIt should navigate to corresponding stack page with title &amp#27;[0m&amp#27;[32m&amp#27;[1m"Stack"&amp#27;[0m                          &amp#27;[90m# stepdefinition.ninjaStack.it_should_navigate_to_corresponding_stack_page_with_title(java.lang.String)&amp#27;[0m
  &amp#27;[32mWhen &amp#27;[0m&amp#27;[32muser clicks on the link Operations in Stack&amp#27;[0m                                                &amp#27;[90m# stepdefinition.ninjaStack.user_clicks_on_the_link_operations_in_stack()&amp#27;[0m
  &amp#27;[32mThen &amp#27;[0m&amp#27;[32mIt should navigate to corresponding Operations stack page with title &amp#27;[0m&amp#27;[32m&amp#27;[1m"Operations in Stack"&amp#27;[0m &amp#27;[90m# stepdefinition.ninjaStack.it_should_navigate_to_corresponding_operations_stack_page_with_title(java.lang.String)&amp#27;[0m
  &amp#27;[32mWhen &amp#27;[0m&amp#27;[32muser click on Try here link in Operations in Stack page&amp#27;[0m                                    &amp#27;[90m# stepdefinition.ninjaStack.user_click_on_try_here_link_in_operations_in_stack_page()&amp#27;[0m
  &amp#27;[32mThen &amp#27;[0m&amp#27;[32mIt should navigate to Operations in Stack Assessment page with title &amp#27;[0m&amp#27;[32m&amp#27;[1m"Assessment"&amp#27;[0m          &amp#27;[90m# stepdefinition.ninjaStack.it_should_navigate_to_operations_in_stack_assessment_page_with_title(java.lang.String)&amp#27;[0m
  &amp#27;[32mWhen &amp#27;[0m&amp#27;[32muser enters the code in Stack page&amp#27;[0m                                                         &amp#27;[90m# stepdefinition.ninjaStack.user_enters_the_code_in_stack_page()&amp#27;[0m
  &amp#27;[32mAnd &amp#27;[0m&amp#27;[32mclick on run button in Stack page&amp#27;[0m                                                           &amp#27;[90m# stepdefinition.ninjaStack.click_on_run_button_in_stack_page()&amp#27;[0m
  &amp#27;[32mThen &amp#27;[0m&amp#27;[32mUser navigate back in Stack page&amp#27;[0m                                                           &amp#27;[90m# stepdefinition.ninjaStack.user_navigate_back_in_stack_page()&amp#27;[0m
]]></system-out>
  </testcase>
  <testcase name="User validates Implementation page" classname="Stack" time="1.388">
    <system-out><![CDATA[
@tag @tagStackImplementation
Scenario: User validates Implementation page                                               &amp#27;[90m# src/test/resources/Features/TC007_stack.feature:37&amp#27;[0m
  &amp#27;[32mWhen &amp#27;[0m&amp#27;[32muser click on Implementation link in Stack page&amp#27;[0m                                     &amp#27;[90m# stepdefinition.ninjaStack.user_click_on_implementation_link_in_stack_page()&amp#27;[0m
  &amp#27;[32mThen &amp#27;[0m&amp#27;[32mIt should navigate to corresponding Implementation page with title &amp#27;[0m&amp#27;[32m&amp#27;[1m"Implementation"&amp#27;[0m &amp#27;[90m# stepdefinition.ninjaStack.it_should_navigate_to_corresponding_implementation_page_with_title(java.lang.String)&amp#27;[0m
  &amp#27;[32mWhen &amp#27;[0m&amp#27;[32muser click on Try here  link in Implementation-Stack page&amp#27;[0m                           &amp#27;[90m# stepdefinition.ninjaStack.user_click_on_try_here_link_in_implementation_stack_page()&amp#27;[0m
  &amp#27;[32mThen &amp#27;[0m&amp#27;[32mIt should navigate to Implementation-stack page with title &amp#27;[0m&amp#27;[32m&amp#27;[1m"Assessment"&amp#27;[0m             &amp#27;[90m# stepdefinition.ninjaStack.it_should_navigate_to_implementation_stack_page_with_title(java.lang.String)&amp#27;[0m
  &amp#27;[32mWhen &amp#27;[0m&amp#27;[32muser enters the code in Implementation page&amp#27;[0m                                         &amp#27;[90m# stepdefinition.ninjaStack.user_enters_the_code_in_implementation_page()&amp#27;[0m
  &amp#27;[32mAnd &amp#27;[0m&amp#27;[32mclick on run button in Implementation page&amp#27;[0m                                           &amp#27;[90m# stepdefinition.ninjaStack.click_on_run_button_in_implementation_page()&amp#27;[0m
  &amp#27;[32mThen &amp#27;[0m&amp#27;[32mUser navigate back in Implementation page&amp#27;[0m                                           &amp#27;[90m# stepdefinition.ninjaStack.user_navigate_back_in_implementation_page()&amp#27;[0m
]]></system-out>
  </testcase>
  <testcase name="User validates Applications page" classname="Stack" time="1.347">
    <system-out><![CDATA[
@tag @tagStackApplications
Scenario: User validates Applications page                                                     &amp#27;[90m# src/test/resources/Features/TC007_stack.feature:47&amp#27;[0m
  &amp#27;[32mWhen &amp#27;[0m&amp#27;[32muser click on Applications link in Stack page&amp#27;[0m                                           &amp#27;[90m# stepdefinition.ninjaStack.user_click_on_applications_link_in_stack_page()&amp#27;[0m
  &amp#27;[32mThen &amp#27;[0m&amp#27;[32mIt should navigate to corresponding Applications page with title &amp#27;[0m&amp#27;[32m&amp#27;[1m"Applications"&amp#27;[0m         &amp#27;[90m# stepdefinition.ninjaStack.it_should_navigate_to_corresponding_applications_page_with_title(java.lang.String)&amp#27;[0m
  &amp#27;[32mWhen &amp#27;[0m&amp#27;[32muser click on Try here link in Applications-Stack page&amp#27;[0m                                  &amp#27;[90m# stepdefinition.ninjaStack.user_click_on_try_here_link_in_applications_stack_page()&amp#27;[0m
  &amp#27;[32mThen &amp#27;[0m&amp#27;[32mIt should navigate to Applications-stack page with title &amp#27;[0m&amp#27;[32m&amp#27;[1m"Assessment"&amp#27;[0m                   &amp#27;[90m# stepdefinition.ninjaStack.it_should_navigate_to_applications_stack_page_with_title(java.lang.String)&amp#27;[0m
  &amp#27;[32mWhen &amp#27;[0m&amp#27;[32muser enters the code in Applications page&amp#27;[0m                                               &amp#27;[90m# stepdefinition.ninjaStack.user_enters_the_code_in_applications_page()&amp#27;[0m
  &amp#27;[32mAnd &amp#27;[0m&amp#27;[32mclick on run button in Applications page&amp#27;[0m                                                 &amp#27;[90m# stepdefinition.ninjaStack.click_on_run_button_in_applications_page()&amp#27;[0m
  &amp#27;[32mThen &amp#27;[0m&amp#27;[32muser is navigated to home page from stack page &amp#27;[0m&amp#27;[32m&amp#27;[1m"https://dsportalapp.herokuapp.com/home"&amp#27;[0m &amp#27;[90m# stepdefinition.ninjaStack.user_is_navigated_to_home_page_from_stack_page(java.lang.String)&amp#27;[0m
]]></system-out>
  </testcase>
  <testcase name="User validates Implementation of Queue in Python page" classname="Queue" time="1.681">
    <system-out><![CDATA[
@tag @tagImplementation
Scenario: User validates Implementation of Queue in Python page                       &amp#27;[90m# src/test/resources/Features/TC008_Queue.feature:24&amp#27;[0m
  &amp#27;[32mGiven &amp#27;[0m&amp#27;[32mThe user is in Ninja home page Queue &amp#27;[0m&amp#27;[32m&amp#27;[1m"https://dsportalapp.herokuapp.com/home"&amp#27;[0m &amp#27;[90m# stepdefinition.ninjaQueue.the_user_is_in_ninja_home_page_Queue(java.lang.String)&amp#27;[0m
  &amp#27;[32mWhen &amp#27;[0m&amp#27;[32muser clicks on Get Started button under Queue&amp#27;[0m                                  &amp#27;[90m# stepdefinition.ninjaQueue.user_clicks_on_get_started_button_under_queue()&amp#27;[0m
  &amp#27;[32mAnd &amp#27;[0m&amp#27;[32mIt should navigates to corresponding page with title Queue &amp#27;[0m&amp#27;[32m&amp#27;[1m"Queue"&amp#27;[0m              &amp#27;[90m# stepdefinition.ninjaQueue.it_should_navigates_to_corresponding_page_with_title(java.lang.String)&amp#27;[0m
  &amp#27;[32mWhen &amp#27;[0m&amp#27;[32muser clicks on Implementation of Queue in Python&amp#27;[0m                               &amp#27;[90m# stepdefinition.ninjaQueue.user_clicks_on_implementation_of_queue_in_python()&amp#27;[0m
  &amp#27;[32mWhen &amp#27;[0m&amp#27;[32muser clicks on Try here&amp#27;[0m                                                        &amp#27;[90m# stepdefinition.ninjaQueue.user_clicks_on_try_here()&amp#27;[0m
  &amp#27;[32mAnd &amp#27;[0m&amp#27;[32mIt should navigate to corresponding page with title Queue &amp#27;[0m&amp#27;[32m&amp#27;[1m"Assessment"&amp#27;[0m          &amp#27;[90m# stepdefinition.ninjaQueue.it_should_navigate_to_corresponding_page_with_title_queue(java.lang.String)&amp#27;[0m
  &amp#27;[32mWhen &amp#27;[0m&amp#27;[32muser enters the code in Implementation of Queue in Python Assessment page&amp#27;[0m      &amp#27;[90m# stepdefinition.ninjaQueue.user_enters_the_code_in_implementation_of_queue_in_python_assessment_page()&amp#27;[0m
  &amp#27;[32mAnd &amp#27;[0m&amp#27;[32mclicks on run button&amp#27;[0m                                                            &amp#27;[90m# stepdefinition.ninjaQueue.clicks_on_run_button()&amp#27;[0m
  &amp#27;[32mThen &amp#27;[0m&amp#27;[32mUser navigates back&amp#27;[0m                                                            &amp#27;[90m# stepdefinition.ninjaQueue.user_navigates_back()&amp#27;[0m
]]></system-out>
  </testcase>
  <testcase name="User validates Implementation using collections.deque page" classname="Queue" time="0.679">
    <system-out><![CDATA[
@tag @tagImplementationdeque
Scenario: User validates Implementation using collections.deque page                                           &amp#27;[90m# src/test/resources/Features/TC008_Queue.feature:36&amp#27;[0m
  &amp#27;[32mWhen &amp#27;[0m&amp#27;[32muser clicks on Implementation using collections.deque&amp#27;[0m                                                   &amp#27;[90m# stepdefinition.ninjaQueue.user_clicks_on_implementation_using_collections_deque()&amp#27;[0m
  &amp#27;[32mAnd &amp#27;[0m&amp#27;[32mIt should navigate to corresponding page with title Queue deque &amp#27;[0m&amp#27;[32m&amp#27;[1m"Implementation using collections.deque"&amp#27;[0m &amp#27;[90m# stepdefinition.ninjaQueue.it_should_navigate_to_corresponding_page_with_title_queue_deque(java.lang.String)&amp#27;[0m
  &amp#27;[32mWhen &amp#27;[0m&amp#27;[32muser clicks on Try here link&amp#27;[0m                                                                            &amp#27;[90m# stepdefinition.ninjaQueue.user_clicks_on_try_here_link()&amp#27;[0m
  &amp#27;[32mAnd &amp#27;[0m&amp#27;[32mIt should navigate to corresponding page with title Queue deque"Assessment"&amp#27;[0m                              &amp#27;[90m# stepdefinition.ninjaQueue.it_should_navigate_to_corresponding_page_with_title_queue_deque_assessment()&amp#27;[0m
  &amp#27;[32mWhen &amp#27;[0m&amp#27;[32muser enters the code in Implementation using collections.deque Assessment page&amp#27;[0m                          &amp#27;[90m# stepdefinition.ninjaQueue.user_enters_the_code_in_implementation_using_collections_deque_assessment_page()&amp#27;[0m
  &amp#27;[32mAnd &amp#27;[0m&amp#27;[32mclicks on run button&amp#27;[0m                                                                                     &amp#27;[90m# stepdefinition.ninjaQueue.clicks_on_run_button()&amp#27;[0m
  &amp#27;[32mThen &amp#27;[0m&amp#27;[32mUser navigates back&amp#27;[0m                                                                                     &amp#27;[90m# stepdefinition.ninjaQueue.user_navigates_back()&amp#27;[0m
]]></system-out>
  </testcase>
  <testcase name="User validates Implementation using array page" classname="Queue" time="1.219">
    <system-out><![CDATA[
@tag @tagImplementationarray
Scenario: User validates Implementation using array page                                      &amp#27;[90m# src/test/resources/Features/TC008_Queue.feature:46&amp#27;[0m
  &amp#27;[32mWhen &amp#27;[0m&amp#27;[32muser click on Implementation using array&amp#27;[0m                                               &amp#27;[90m# stepdefinition.ninjaQueue.user_click_on_implementation_using_array()&amp#27;[0m
  &amp#27;[32mAnd &amp#27;[0m&amp#27;[32mIt should navigates to corresponding page with title array &amp#27;[0m&amp#27;[32m&amp#27;[1m"Implementation using array"&amp#27;[0m &amp#27;[90m# stepdefinition.ninjaQueue.it_should_navigates_to_corresponding_page_with_title_array(java.lang.String)&amp#27;[0m
  &amp#27;[32mWhen &amp#27;[0m&amp#27;[32muser clicks on Try here link&amp#27;[0m                                                           &amp#27;[90m# stepdefinition.ninjaQueue.user_clicks_on_try_here_link()&amp#27;[0m
  &amp#27;[32mAnd &amp#27;[0m&amp#27;[32mIt should navigate to corresponding page with title array &amp#27;[0m&amp#27;[32m&amp#27;[1m"Assessment"&amp#27;[0m                  &amp#27;[90m# stepdefinition.ninjaQueue.it_should_navigate_to_corresponding_page_with_title_array(java.lang.String)&amp#27;[0m
  &amp#27;[32mWhen &amp#27;[0m&amp#27;[32muser enters the code in Implementation using array Assessment page&amp#27;[0m                     &amp#27;[90m# stepdefinition.ninjaQueue.user_enters_the_code_in_implementation_using_array_assessment_page()&amp#27;[0m
  &amp#27;[32mAnd &amp#27;[0m&amp#27;[32mclicks on run button&amp#27;[0m                                                                    &amp#27;[90m# stepdefinition.ninjaQueue.clicks_on_run_button()&amp#27;[0m
  &amp#27;[32mThen &amp#27;[0m&amp#27;[32mUser navigates back&amp#27;[0m                                                                    &amp#27;[90m# stepdefinition.ninjaQueue.user_navigates_back()&amp#27;[0m
]]></system-out>
  </testcase>
  <testcase name="User validates Queue Operations page" classname="Queue" time="1.369">
    <system-out><![CDATA[
@tag @tagImplementationOperations
Scenario: User validates Queue Operations page                                          &amp#27;[90m# src/test/resources/Features/TC008_Queue.feature:56&amp#27;[0m
  &amp#27;[32mWhen &amp#27;[0m&amp#27;[32muser clicks on Queue Operations link&amp#27;[0m                                             &amp#27;[90m# stepdefinition.ninjaQueue.user_clicks_on_queue_operations_link()&amp#27;[0m
  &amp#27;[32mAnd &amp#27;[0m&amp#27;[32mIt should navigate to corresponding page with title operations &amp#27;[0m&amp#27;[32m&amp#27;[1m"Queue Operations"&amp#27;[0m &amp#27;[90m# stepdefinition.ninjaQueue.it_should_navigate_to_corresponding_page_with_title_operations(java.lang.String)&amp#27;[0m
  &amp#27;[32mWhen &amp#27;[0m&amp#27;[32muser clicks on Try here&amp#27;[0m                                                          &amp#27;[90m# stepdefinition.ninjaQueue.user_clicks_on_try_here()&amp#27;[0m
  &amp#27;[32mAnd &amp#27;[0m&amp#27;[32mIt should navigates to corresponding page with title operations &amp#27;[0m&amp#27;[32m&amp#27;[1m"Assessment"&amp#27;[0m      &amp#27;[90m# stepdefinition.ninjaQueue.it_should_navigates_to_corresponding_page_with_title_operations(java.lang.String)&amp#27;[0m
  &amp#27;[32mWhen &amp#27;[0m&amp#27;[32muser enters the code in Queue Operations Assessment page&amp#27;[0m                         &amp#27;[90m# stepdefinition.ninjaQueue.user_enters_the_code_in_queue_operations_assessment_page()&amp#27;[0m
  &amp#27;[32mAnd &amp#27;[0m&amp#27;[32mclicks on run button&amp#27;[0m                                                              &amp#27;[90m# stepdefinition.ninjaQueue.clicks_on_run_button()&amp#27;[0m
  &amp#27;[32mThen &amp#27;[0m&amp#27;[32mUser navigates back to home page &amp#27;[0m&amp#27;[32m&amp#27;[1m"https://dsportalapp.herokuapp.com/home"&amp#27;[0m        &amp#27;[90m# stepdefinition.ninjaQueue.user_navigates_back_to_home_page(java.lang.String)&amp#27;[0m
]]></system-out>
  </testcase>
  <testcase name="User validates Tree page" classname="Tree" time="1.712">
    <system-out><![CDATA[
@tag @tagtree
Scenario: User validates Tree page                                                                       &amp#27;[90m# src/test/resources/Features/TC009_tree.feature:24&amp#27;[0m
  &amp#27;[32mGiven &amp#27;[0m&amp#27;[32mThe user is in Ninja home page to navigate to Tree Page &amp#27;[0m&amp#27;[32m&amp#27;[1m"https://dsportalapp.herokuapp.com/home"&amp#27;[0m &amp#27;[90m# stepdefinition.ninjaTree.the_user_is_in_ninja_home_page_to_navigate_to_tree_page(java.lang.String)&amp#27;[0m
  &amp#27;[32mWhen &amp#27;[0m&amp#27;[32muser click on Get Started button under Tree section&amp#27;[0m                                               &amp#27;[90m# stepdefinition.ninjaTree.user_click_on_get_started_button_under_tree_section()&amp#27;[0m
  &amp#27;[32mAnd &amp#27;[0m&amp#27;[32mIt should navigate to Tree page with title &amp#27;[0m&amp#27;[32m&amp#27;[1m"Tree"&amp#27;[0m                                                  &amp#27;[90m# stepdefinition.ninjaTree.it_should_navigate_to_tree_page_with_title(java.lang.String)&amp#27;[0m
  &amp#27;[32mWhen &amp#27;[0m&amp#27;[32muser click on Overview of Trees&amp#27;[0m                                                                   &amp#27;[90m# stepdefinition.ninjaTree.user_click_on_overview_of_trees()&amp#27;[0m
  &amp#27;[32mAnd &amp#27;[0m&amp#27;[32mIt should navigate to Overview of Trees page with title &amp#27;[0m&amp#27;[32m&amp#27;[1m"Overview of Trees"&amp#27;[0m                        &amp#27;[90m# stepdefinition.ninjaTree.it_should_navigate_to_overview_of_trees_page_with_title(java.lang.String)&amp#27;[0m
  &amp#27;[32mWhen &amp#27;[0m&amp#27;[32muser click on Try here in Overview of Trees page&amp#27;[0m                                                  &amp#27;[90m# stepdefinition.ninjaTree.user_click_on_try_here_in_overview_of_trees_page()&amp#27;[0m
  &amp#27;[32mAnd &amp#27;[0m&amp#27;[32mIt should navigate to Overview of Trees page with title &amp#27;[0m&amp#27;[32m&amp#27;[1m"Assessment"&amp#27;[0m                               &amp#27;[90m# stepdefinition.ninjaTree.it_should_navigate_to_overview_of_trees_page_with_title(java.lang.String)&amp#27;[0m
  &amp#27;[32mWhen &amp#27;[0m&amp#27;[32muser enter the Python code in Overview of Trees page&amp#27;[0m                                              &amp#27;[90m# stepdefinition.ninjaTree.user_enter_the_python_code_in_overview_of_trees_page()&amp#27;[0m
  &amp#27;[32mAnd &amp#27;[0m&amp#27;[32mclick on run button in Overview of Trees page&amp#27;[0m                                                      &amp#27;[90m# stepdefinition.ninjaTree.click_on_run_button_in_overview_of_trees_page()&amp#27;[0m
  &amp#27;[32mThen &amp#27;[0m&amp#27;[32mUser navigate back to Overview of Trees&amp#27;[0m                                                           &amp#27;[90m# stepdefinition.ninjaTree.user_navigate_back_to_overview_of_trees()&amp#27;[0m
]]></system-out>
  </testcase>
  <testcase name="User validates Terminologies page" classname="Tree" time="1.151">
    <system-out><![CDATA[
@tag @tagtreeTerminologies
Scenario: User validates Terminologies page                                &amp#27;[90m# src/test/resources/Features/TC009_tree.feature:37&amp#27;[0m
  &amp#27;[32mWhen &amp#27;[0m&amp#27;[32muser click on Terminologies link&amp#27;[0m                                    &amp#27;[90m# stepdefinition.ninjaTree.user_click_on_terminologies_link()&amp#27;[0m
  &amp#27;[32mThen &amp#27;[0m&amp#27;[32mIt should navigate to Terminologies page with title &amp#27;[0m&amp#27;[32m&amp#27;[1m"Terminologies"&amp#27;[0m &amp#27;[90m# stepdefinition.ninjaTree.it_should_navigate_to_terminologies_page_with_title(java.lang.String)&amp#27;[0m
  &amp#27;[32mWhen &amp#27;[0m&amp#27;[32muser click on Try here in Terminologies page&amp#27;[0m                        &amp#27;[90m# stepdefinition.ninjaTree.user_click_on_try_here_in_terminologies_page()&amp#27;[0m
  &amp#27;[32mThen &amp#27;[0m&amp#27;[32mIt should navigate to Terminologies page with title &amp#27;[0m&amp#27;[32m&amp#27;[1m"Assessment"&amp#27;[0m    &amp#27;[90m# stepdefinition.ninjaTree.it_should_navigate_to_terminologies_page_with_title(java.lang.String)&amp#27;[0m
  &amp#27;[32mWhen &amp#27;[0m&amp#27;[32muser enter the Python code in Terminologies page&amp#27;[0m                    &amp#27;[90m# stepdefinition.ninjaTree.user_enter_the_python_code_in_terminologies_page()&amp#27;[0m
  &amp#27;[32mAnd &amp#27;[0m&amp#27;[32mclick on run button in Terminologies page&amp#27;[0m                            &amp#27;[90m# stepdefinition.ninjaTree.click_on_run_button_in_terminologies_page()&amp#27;[0m
  &amp#27;[32mThen &amp#27;[0m&amp#27;[32mUser navigate back to Terminologies page&amp#27;[0m                            &amp#27;[90m# stepdefinition.ninjaTree.user_navigate_back_to_terminologies_page()&amp#27;[0m
]]></system-out>
  </testcase>
  <testcase name="User validates Types of Trees page" classname="Tree" time="1.165">
    <system-out><![CDATA[
@tag @tagtreeTypes
Scenario: User validates Types of Trees page                                 &amp#27;[90m# src/test/resources/Features/TC009_tree.feature:47&amp#27;[0m
  &amp#27;[32mWhen &amp#27;[0m&amp#27;[32muser click on Types of Trees link&amp#27;[0m                                     &amp#27;[90m# stepdefinition.ninjaTree.user_click_on_types_of_trees_link()&amp#27;[0m
  &amp#27;[32mThen &amp#27;[0m&amp#27;[32mIt should navigate to Types of Trees page with title &amp#27;[0m&amp#27;[32m&amp#27;[1m"Types of Trees"&amp#27;[0m &amp#27;[90m# stepdefinition.ninjaTree.it_should_navigate_to_types_of_trees_page_with_title(java.lang.String)&amp#27;[0m
  &amp#27;[32mWhen &amp#27;[0m&amp#27;[32muser click on Try here in Types of Trees page&amp#27;[0m                         &amp#27;[90m# stepdefinition.ninjaTree.user_click_on_try_here_in_types_of_trees_page()&amp#27;[0m
  &amp#27;[32mThen &amp#27;[0m&amp#27;[32mIt should navigate to Types of Trees page with title &amp#27;[0m&amp#27;[32m&amp#27;[1m"Assessment"&amp#27;[0m     &amp#27;[90m# stepdefinition.ninjaTree.it_should_navigate_to_types_of_trees_page_with_title(java.lang.String)&amp#27;[0m
  &amp#27;[32mWhen &amp#27;[0m&amp#27;[32muser enter the Python code in Types of Trees page&amp#27;[0m                     &amp#27;[90m# stepdefinition.ninjaTree.user_enter_the_python_code_in_types_of_trees_page()&amp#27;[0m
  &amp#27;[32mAnd &amp#27;[0m&amp#27;[32mclick on run button in Types of Trees page&amp#27;[0m                             &amp#27;[90m# stepdefinition.ninjaTree.click_on_run_button_in_types_of_trees_page()&amp#27;[0m
  &amp#27;[32mThen &amp#27;[0m&amp#27;[32mUser navigate back to Types of Trees page&amp#27;[0m                             &amp#27;[90m# stepdefinition.ninjaTree.user_navigate_back_to_types_of_trees_page()&amp#27;[0m
]]></system-out>
  </testcase>
  <testcase name="User validates Tree Traversals page" classname="Tree" time="1.089">
    <system-out><![CDATA[
@tag @tagtreeTraversals
Scenario: User validates Tree Traversals page                                  &amp#27;[90m# src/test/resources/Features/TC009_tree.feature:57&amp#27;[0m
  &amp#27;[32mWhen &amp#27;[0m&amp#27;[32muser click on Tree Traversals link&amp#27;[0m                                      &amp#27;[90m# stepdefinition.ninjaTree.user_click_on_tree_traversals_link()&amp#27;[0m
  &amp#27;[32mThen &amp#27;[0m&amp#27;[32mIt should navigate to Tree Traversals page with title &amp#27;[0m&amp#27;[32m&amp#27;[1m"Tree Traversals"&amp#27;[0m &amp#27;[90m# stepdefinition.ninjaTree.it_should_navigate_to_tree_traversals_page_with_title(java.lang.String)&amp#27;[0m
  &amp#27;[32mWhen &amp#27;[0m&amp#27;[32muser click on Try here in Tree Traversals page&amp#27;[0m                          &amp#27;[90m# stepdefinition.ninjaTree.user_click_on_try_here_in_tree_traversals_page()&amp#27;[0m
  &amp#27;[32mThen &amp#27;[0m&amp#27;[32mIt should navigate to Tree Traversals page with title &amp#27;[0m&amp#27;[32m&amp#27;[1m"Assessment"&amp#27;[0m      &amp#27;[90m# stepdefinition.ninjaTree.it_should_navigate_to_tree_traversals_page_with_title(java.lang.String)&amp#27;[0m
  &amp#27;[32mWhen &amp#27;[0m&amp#27;[32muser enter the Python code in Tree Traversals page&amp#27;[0m                      &amp#27;[90m# stepdefinition.ninjaTree.user_enter_the_python_code_in_tree_traversals_page()&amp#27;[0m
  &amp#27;[32mAnd &amp#27;[0m&amp#27;[32mclick on run button in Tree Traversals page&amp#27;[0m                              &amp#27;[90m# stepdefinition.ninjaTree.click_on_run_button_in_tree_traversals_page()&amp#27;[0m
  &amp#27;[32mThen &amp#27;[0m&amp#27;[32mUser navigate back to Tree Traversals page&amp#27;[0m                              &amp#27;[90m# stepdefinition.ninjaTree.user_navigate_back_to_tree_traversals_page()&amp#27;[0m
]]></system-out>
  </testcase>
  <testcase name="User validates Traversals-Illustration page" classname="Tree" time="1.136">
    <system-out><![CDATA[
@tag @tagtreeIllustration
Scenario: User validates Traversals-Illustration page                                          &amp#27;[90m# src/test/resources/Features/TC009_tree.feature:67&amp#27;[0m
  &amp#27;[32mWhen &amp#27;[0m&amp#27;[32muser click on Traversals-Illustration link&amp#27;[0m                                              &amp#27;[90m# stepdefinition.ninjaTree.user_click_on_traversals_illustration_link()&amp#27;[0m
  &amp#27;[32mThen &amp#27;[0m&amp#27;[32mIt should navigate to Traversals-Illustration page with title &amp#27;[0m&amp#27;[32m&amp#27;[1m"Traversals-Illustration"&amp#27;[0m &amp#27;[90m# stepdefinition.ninjaTree.it_should_navigate_to_traversals_illustration_page_with_title(java.lang.String)&amp#27;[0m
  &amp#27;[32mWhen &amp#27;[0m&amp#27;[32muser click on Try here in Traversals-Illustration page&amp#27;[0m                                  &amp#27;[90m# stepdefinition.ninjaTree.user_click_on_try_here_in_traversals_illustration_page()&amp#27;[0m
  &amp#27;[32mThen &amp#27;[0m&amp#27;[32mIt should navigate to Traversals-Illustration page with title &amp#27;[0m&amp#27;[32m&amp#27;[1m"Assessment"&amp#27;[0m              &amp#27;[90m# stepdefinition.ninjaTree.it_should_navigate_to_traversals_illustration_page_with_title(java.lang.String)&amp#27;[0m
  &amp#27;[32mWhen &amp#27;[0m&amp#27;[32muser enter the Python code in Traversals-Illustration page&amp#27;[0m                              &amp#27;[90m# stepdefinition.ninjaTree.user_enter_the_python_code_in_traversals_illustration_page()&amp#27;[0m
  &amp#27;[32mAnd &amp#27;[0m&amp#27;[32mclick on run button in Traversals-Illustration page&amp#27;[0m                                      &amp#27;[90m# stepdefinition.ninjaTree.click_on_run_button_in_traversals_illustration_page()&amp#27;[0m
  &amp#27;[32mThen &amp#27;[0m&amp#27;[32mUser navigate back to Traversals-Illustration page&amp#27;[0m                                      &amp#27;[90m# stepdefinition.ninjaTree.user_navigate_back_to_traversals_illustration_page()&amp#27;[0m
]]></system-out>
  </testcase>
  <testcase name="User validates Binary Trees page" classname="Tree" time="1.206">
    <system-out><![CDATA[
@tag @tagtreeBinary
Scenario: User validates Binary Trees page                               &amp#27;[90m# src/test/resources/Features/TC009_tree.feature:77&amp#27;[0m
  &amp#27;[32mWhen &amp#27;[0m&amp#27;[32muser click on Binary Trees link&amp#27;[0m                                   &amp#27;[90m# stepdefinition.ninjaTree.user_click_on_binary_trees_link()&amp#27;[0m
  &amp#27;[32mThen &amp#27;[0m&amp#27;[32mIt should navigate to Binary Trees page with title &amp#27;[0m&amp#27;[32m&amp#27;[1m"Binary Trees"&amp#27;[0m &amp#27;[90m# stepdefinition.ninjaTree.it_should_navigate_to_binary_trees_page_with_title(java.lang.String)&amp#27;[0m
  &amp#27;[32mWhen &amp#27;[0m&amp#27;[32muser click on Try here in Binary Trees page&amp#27;[0m                       &amp#27;[90m# stepdefinition.ninjaTree.user_click_on_try_here_in_binary_trees_page()&amp#27;[0m
  &amp#27;[32mThen &amp#27;[0m&amp#27;[32mIt should navigate to Binary Trees page with title &amp#27;[0m&amp#27;[32m&amp#27;[1m"Assessment"&amp#27;[0m   &amp#27;[90m# stepdefinition.ninjaTree.it_should_navigate_to_binary_trees_page_with_title(java.lang.String)&amp#27;[0m
  &amp#27;[32mWhen &amp#27;[0m&amp#27;[32muser enter the Python code in Binary Trees page&amp#27;[0m                   &amp#27;[90m# stepdefinition.ninjaTree.user_enter_the_python_code_in_binary_trees_page()&amp#27;[0m
  &amp#27;[32mAnd &amp#27;[0m&amp#27;[32mclick on run button in Binary Trees page&amp#27;[0m                           &amp#27;[90m# stepdefinition.ninjaTree.click_on_run_button_in_binary_trees_page()&amp#27;[0m
  &amp#27;[32mThen &amp#27;[0m&amp#27;[32mUser navigate back to Binary Trees page&amp#27;[0m                           &amp#27;[90m# stepdefinition.ninjaTree.user_navigate_back_to_binary_trees_page()&amp#27;[0m
]]></system-out>
  </testcase>
  <testcase name="User validate Types of Binary Trees page" classname="Tree" time="1.277">
    <system-out><![CDATA[
@tag @tagtreeBinaryTrees
[...]
  &amp#27;[32mWhen &amp#27;[0m&amp#27;[32muser click on Try here in Types of Binary Trees page&amp#27;[0m                                &amp#27;[90m# stepdefinition.ninjaTree.user_click_on_try_here_in_types_of_binary_trees_page()&amp#27;[0m
  &amp#27;[32mThen &amp#27;[0m&amp#27;[32mIt should navigate to Types of Binary Trees page with title &amp#27;[0m&amp#27;[32m&amp#27;[1m"Assessment"&amp#27;[0m            &amp#27;[90m# stepdefinition.ninjaTree.it_should_navigate_to_types_of_binary_trees_page_with_title(java.lang.String)&amp#27;[0m
  &amp#27;[32mWhen &amp#27;[0m&amp#27;[32muser enter the Python code in Types of Binary Trees page&amp#27;[0m                            &amp#27;[90m# stepdefinition.ninjaTree.user_enter_the_python_code_in_types_of_binary_trees_page()&amp#27;[0m
  &amp#27;[32mAnd &amp#27;[0m&amp#27;[32mclick on run button in Types of Binary Trees page&amp#27;[0m                                    &amp#27;[90m# stepdefinition.ninjaTree.click_on_run_button_in_types_of_binary_trees_page()&amp#27;[0m
  &amp#27;[32mThen &amp#27;[0m&amp#27;[32mUser navigate back to Types of Binary Trees page&amp#27;[0m                                    &amp#27;[90m# stepdefinition.ninjaTree.user_navigate_back_to_types_of_binary_trees_page()&amp#27;[0m
]]></system-out>
  </testcase>
  <testcase name="User validate Implementation in Python page" classname="Tree" time="1.278">
    <system-out><![CDATA[
@tag @tagtreeImplementation
Scenario: User validate Implementation in Python page                                            &amp#27;[90m# src/test/resources/Features/TC009_tree.feature:97&amp#27;[0m
  &amp#27;[32mWhen &amp#27;[0m&amp#27;[32muser click on Implementation in Python link&amp#27;[0m                                               &amp#27;[90m# stepdefinition.ninjaTree.user_click_on_implementation_in_python_link()&amp#27;[0m
  &amp#27;[32mThen &amp#27;[0m&amp#27;[32mIt should navigate to Implementation in Python page with title &amp#27;[0m&amp#27;[32m&amp#27;[1m"Implementation in Python"&amp#27;[0m &amp#27;[90m# stepdefinition.ninjaTree.it_should_navigate_to_implementation_in_python_page_with_title(java.lang.String)&amp#27;[0m
  &amp#27;[32mWhen &amp#27;[0m&amp#27;[32muser click on Try here in Implementation in Python page&amp#27;[0m                                   &amp#27;[90m# stepdefinition.ninjaTree.user_click_on_try_here_in_implementation_in_python_page()&amp#27;[0m
  &amp#27;[32mThen &amp#27;[0m&amp#27;[32mIt should navigate to Implementation in Python page with title &amp#27;[0m&amp#27;[32m&amp#27;[1m"Assessment"&amp#27;[0m               &amp#27;[90m# stepdefinition.ninjaTree.it_should_navigate_to_implementation_in_python_page_with_title(java.lang.String)&amp#27;[0m
  &amp#27;[32mWhen &amp#27;[0m&amp#27;[32muser enter the Python code in Implementation in Python page&amp#27;[0m                               &amp#27;[90m# stepdefinition.ninjaTree.user_enter_the_python_code_in_implementation_in_python_page()&amp#27;[0m
  &amp#27;[32mAnd &amp#27;[0m&amp#27;[32mclick on run button in Implementation in Python page&amp#27;[0m                                       &amp#27;[90m# stepdefinition.ninjaTree.click_on_run_button_in_implementation_in_python_page()&amp#27;[0m
  &amp#27;[32mThen &amp#27;[0m&amp#27;[32mUser navigate back to Implementation in Python page&amp#27;[0m                                       &amp#27;[90m# stepdefinition.ninjaTree.user_navigate_back_to_implementation_in_python_page()&amp#27;[0m
]]></system-out>
  </testcase>
  <testcase name="User validate Binary Tree Traversals page" classname="Tree" time="1.276">
    <system-out><![CDATA[
@tag @tagtreeBinaryTraversals
Scenario: User validate Binary Tree Traversals page                                          &amp#27;[90m# src/test/resources/Features/TC009_tree.feature:107&amp#27;[0m
  &amp#27;[32mWhen &amp#27;[0m&amp#27;[32muser click on Binary Tree Traversals link&amp#27;[0m                                             &amp#27;[90m# stepdefinition.ninjaTree.user_click_on_binary_tree_traversals_link()&amp#27;[0m
  &amp#27;[32mThen &amp#27;[0m&amp#27;[32mIt should navigate to Binary Tree Traversals page with title &amp#27;[0m&amp#27;[32m&amp#27;[1m"Binary Tree Traversals"&amp#27;[0m &amp#27;[90m# stepdefinition.ninjaTree.it_should_navigate_to_binary_tree_traversals_page_with_title(java.lang.String)&amp#27;[0m
  &amp#27;[32mWhen &amp#27;[0m&amp#27;[32muser click on Try here in Binary Tree Traversals page&amp#27;[0m                                 &amp#27;[90m# stepdefinition.ninjaTree.user_click_on_try_here_in_binary_tree_traversals_page()&amp#27;[0m
  &amp#27;[32mThen &amp#27;[0m&amp#27;[32mIt should navigate to Binary Tree Traversals page with title &amp#27;[0m&amp#27;[32m&amp#27;[1m"Assessment"&amp#27;[0m             &amp#27;[90m# stepdefinition.ninjaTree.it_should_navigate_to_binary_tree_traversals_page_with_title(java.lang.String)&amp#27;[0m
  &amp#27;[32mWhen &amp#27;[0m&amp#27;[32muser enter the Python code in Binary Tree Traversals page&amp#27;[0m                             &amp#27;[90m# stepdefinition.ninjaTree.user_enter_the_python_code_in_binary_tree_traversals_page()&amp#27;[0m
  &amp#27;[32mAnd &amp#27;[0m&amp#27;[32mclick on run button in Binary Tree Traversals page&amp#27;[0m                                     &amp#27;[90m# stepdefinition.ninjaTree.click_on_run_button_in_binary_tree_traversals_page()&amp#27;[0m
  &amp#27;[32mThen &amp#27;[0m&amp#27;[32mUser navigate back to Binary Tree Traversals page&amp#27;[0m                                     &amp#27;[90m# stepdefinition.ninjaTree.user_navigate_back_to_binary_tree_traversals_page()&amp#27;[0m
]]></system-out>
  </testcase>
  <testcase name="User validate Implementation of Binary Trees page" classname="Tree" time="1.138">
    <system-out><![CDATA[
@tag @tagtreeImplementationBinary
Scenario: User validate Implementation of Binary Trees page                                                  &amp#27;[90m# src/test/resources/Features/TC009_tree.feature:117&amp#27;[0m
  &amp#27;[32mWhen &amp#27;[0m&amp#27;[32muser click on Implementation of Binary Trees link&amp#27;[0m                                                     &amp#27;[90m# stepdefinition.ninjaTree.user_click_on_implementation_of_binary_trees_link()&amp#27;[0m
  &amp#27;[32mThen &amp#27;[0m&amp#27;[32mIt should navigate to Implementation of Binary Trees page with title &amp#27;[0m&amp#27;[32m&amp#27;[1m"Implementation of Binary Trees"&amp#27;[0m &amp#27;[90m# stepdefinition.ninjaTree.it_should_navigate_to_implementation_of_binary_trees_page_with_title(java.lang.String)&amp#27;[0m
  &amp#27;[32mWhen &amp#27;[0m&amp#27;[32muser click on Try here in Implementation of Binary Trees page&amp#27;[0m                                         &amp#27;[90m# stepdefinition.ninjaTree.user_click_on_try_here_in_implementation_of_binary_trees_page()&amp#27;[0m
  &amp#27;[32mThen &amp#27;[0m&amp#27;[32mIt should navigate to Implementation of Binary Trees page with title &amp#27;[0m&amp#27;[32m&amp#27;[1m"Assessment"&amp#27;[0m                     &amp#27;[90m# stepdefinition.ninjaTree.it_should_navigate_to_implementation_of_binary_trees_page_with_title(java.lang.String)&amp#27;[0m
  &amp#27;[32mWhen &amp#27;[0m&amp#27;[32muser enter the Python code in Implementation of Binary Trees page&amp#27;[0m                                     &amp#27;[90m# stepdefinition.ninjaTree.user_enter_the_python_code_in_implementation_of_binary_trees_page()&amp#27;[0m
  &amp#27;[32mAnd &amp#27;[0m&amp#27;[32mclick on run button in Implementation of Binary Trees page&amp#27;[0m                                             &amp#27;[90m# stepdefinition.ninjaTree.click_on_run_button_in_implementation_of_binary_trees_page()&amp#27;[0m
  &amp#27;[32mThen &amp#27;[0m&amp#27;[32mUser navigate back to Implementation of Binary Trees page&amp#27;[0m                                             &amp#27;[90m# stepdefinition.ninjaTree.user_navigate_back_to_implementation_of_binary_trees_page()&amp#27;[0m
]]></system-out>
  </testcase>
  <testcase name="User validate Applications of Binary trees page" classname="Tree" time="1.218">
    <system-out><![CDATA[
@tag @tagtreeApplications
Scenario: User validate Applications of Binary trees page                                                &amp#27;[90m# src/test/resources/Features/TC009_tree.feature:127&amp#27;[0m
  &amp#27;[32mWhen &amp#27;[0m&amp#27;[32muser click on Applications of Binary trees link&amp#27;[0m                                                   &amp#27;[90m# stepdefinition.ninjaTree.user_click_on_applications_of_binary_trees_link()&amp#27;[0m
  &amp#27;[32mThen &amp#27;[0m&amp#27;[32mIt should navigate to Applications of Binary trees page with title &amp#27;[0m&amp#27;[32m&amp#27;[1m"Applications of Binary trees"&amp#27;[0m &amp#27;[90m# stepdefinition.ninjaTree.it_should_navigate_to_applications_of_binary_trees_page_with_title(java.lang.String)&amp#27;[0m
  &amp#27;[32mWhen &amp#27;[0m&amp#27;[32muser click on Try here in Applications of Binary trees page&amp#27;[0m                                       &amp#27;[90m# stepdefinition.ninjaTree.user_click_on_try_here_in_applications_of_binary_trees_page()&amp#27;[0m
  &amp#27;[32mThen &amp#27;[0m&amp#27;[32mIt should navigate to Applications of Binary trees page with title &amp#27;[0m&amp#27;[32m&amp#27;[1m"Assessment"&amp#27;[0m                   &amp#27;[90m# stepdefinition.ninjaTree.it_should_navigate_to_applications_of_binary_trees_page_with_title(java.lang.String)&amp#27;[0m
  &amp#27;[32mWhen &amp#27;[0m&amp#27;[32muser enter the Python code in Applications of Binary trees page&amp#27;[0m                                   &amp#27;[90m# stepdefinition.ninjaTree.user_enter_the_python_code_in_applications_of_binary_trees_page()&amp#27;[0m
  &amp#27;[32mAnd &amp#27;[0m&amp#27;[32mclick on run button in Applications of Binary trees page&amp#27;[0m                                           &amp#27;[90m# stepdefinition.ninjaTree.click_on_run_button_in_applications_of_binary_trees_page()&amp#27;[0m
  &amp#27;[32mThen &amp#27;[0m&amp#27;[32mUser navigate back to Applications of Binary trees page&amp#27;[0m                                           &amp#27;[90m# stepdefinition.ninjaTree.user_navigate_back_to_applications_of_binary_trees_page()&amp#27;[0m
]]></system-out>
  </testcase>
  <testcase name="User validate Binary Search Trees page" classname="Tree" time="1.266">
    <system-out><![CDATA[
@tag @tagtreeBinarySearch
Scenario: User validate Binary Search Trees page                                       &amp#27;[90m# src/test/resources/Features/TC009_tree.feature:137&amp#27;[0m
  &amp#27;[32mWhen &amp#27;[0m&amp#27;[32muser click on Binary Search Trees link&amp#27;[0m                                          &amp#27;[90m# stepdefinition.ninjaTree.user_click_on_binary_search_trees_link()&amp#27;[0m
  &amp#27;[32mThen &amp#27;[0m&amp#27;[32mIt should navigate to Binary Search Trees page with title &amp#27;[0m&amp#27;[32m&amp#27;[1m"Binary Search Trees"&amp#27;[0m &amp#27;[90m# stepdefinition.ninjaTree.it_should_navigate_to_binary_search_trees_page_with_title(java.lang.String)&amp#27;[0m
  &amp#27;[32mWhen &amp#27;[0m&amp#27;[32muser click on Try here in Binary Search Trees page&amp#27;[0m                              &amp#27;[90m# stepdefinition.ninjaTree.user_click_on_try_here_in_binary_search_trees_page()&amp#27;[0m
  &amp#27;[32mThen &amp#27;[0m&amp#27;[32mIt should navigate to Binary Search Trees page with title &amp#27;[0m&amp#27;[32m&amp#27;[1m"Assessment"&amp#27;[0m          &amp#27;[90m# stepdefinition.ninjaTree.it_should_navigate_to_binary_search_trees_page_with_title(java.lang.String)&amp#27;[0m
  &amp#27;[32mWhen &amp#27;[0m&amp#27;[32muser enter the Python code in Binary Search Trees page&amp#27;[0m                          &amp#27;[90m# stepdefinition.ninjaTree.user_enter_the_python_code_in_binary_search_trees_page()&amp#27;[0m
  &amp#27;[32mAnd &amp#27;[0m&amp#27;[32mclick on run button in Binary Search Trees page&amp#27;[0m                                  &amp#27;[90m# stepdefinition.ninjaTree.click_on_run_button_in_binary_search_trees_page()&amp#27;[0m
  &amp#27;[32mThen &amp#27;[0m&amp#27;[32mUser navigate back to Binary Search Trees page&amp#27;[0m                                  &amp#27;[90m# stepdefinition.ninjaTree.user_navigate_back_to_binary_search_trees_page()&amp#27;[0m
]]></system-out>
  </testcase>
  <testcase name="User validate Implementation Of BST page" classname="Tree" time="1.419">
    <system-out><![CDATA[
@tag @tagtreeBST
Scenario: User validate Implementation Of BST page                                                        &amp#27;[90m# src/test/resources/Features/TC009_tree.feature:147&amp#27;[0m
  &amp#27;[32mWhen &amp#27;[0m&amp#27;[32muser click on Implementation Of BST link&amp#27;[0m                                                           &amp#27;[90m# stepdefinition.ninjaTree.user_click_on_implementation_of_bst_link()&amp#27;[0m
  &amp#27;[32mThen &amp#27;[0m&amp#27;[32mIt should navigate to Implementation Of BST page with title &amp#27;[0m&amp#27;[32m&amp#27;[1m"Implementation Of BST"&amp#27;[0m                &amp#27;[90m# stepdefinition.ninjaTree.it_should_navigate_to_implementation_of_bst_page_with_title(java.lang.String)&amp#27;[0m
  &amp#27;[32mWhen &amp#27;[0m&amp#27;[32muser click on Try here in Implementation Of BST page&amp#27;[0m                                               &amp#27;[90m# stepdefinition.ninjaTree.user_click_on_try_here_in_implementation_of_bst_page()&amp#27;[0m
  &amp#27;[32mThen &amp#27;[0m&amp#27;[32mIt should navigate to Implementation Of BST page with title &amp#27;[0m&amp#27;[32m&amp#27;[1m"Assessment"&amp#27;[0m                           &amp#27;[90m# stepdefinition.ninjaTree.it_should_navigate_to_implementation_of_bst_page_with_title(java.lang.String)&amp#27;[0m
  &amp#27;[32mWhen &amp#27;[0m&amp#27;[32muser enter the Python code in Implementation Of BST page&amp#27;[0m                                           &amp#27;[90m# stepdefinition.ninjaTree.user_enter_the_python_code_in_implementation_of_bst_page()&amp#27;[0m
  &amp#27;[32mAnd &amp#27;[0m&amp#27;[32mclick on run button in Implementation Of BST page&amp#27;[0m                                                   &amp#27;[90m# stepdefinition.ninjaTree.click_on_run_button_in_implementation_of_bst_page()&amp#27;[0m
  &amp#27;[32mThen &amp#27;[0m&amp#27;[32muser is navigated to home page from Implementation Of BST &amp#27;[0m&amp#27;[32m&amp#27;[1m"https://dsportalapp.herokuapp.com/home"&amp#27;[0m &amp#27;[90m# stepdefinition.ninjaTree.user_is_navigated_to_home_page_from_implementation_of_bst(java.lang.String)&amp#27;[0m
]]></system-out>
  </testcase>
  <testcase name="User validates Get Started On Graph page" classname="Graph" time="1.31">
    <system-out><![CDATA[
@tag @taggraph
Scenario: User validates Get Started On Graph page                                                        &amp#27;[90m# src/test/resources/Features/TC010_graph.feature:24&amp#27;[0m
  &amp#27;[32mGiven &amp#27;[0m&amp#27;[32mThe user is in Ninja home page to navigate to graph Page &amp#27;[0m&amp#27;[32m&amp#27;[1m"https://dsportalapp.herokuapp.com/home"&amp#27;[0m &amp#27;[90m# stepdefinition.ninjaGraph.the_user_is_in_ninja_home_page_to_navigate_to_graph_page(java.lang.String)&amp#27;[0m
  &amp#27;[32mWhen &amp#27;[0m&amp#27;[32muser click on Get Started button on Graph&amp#27;[0m                                                          &amp#27;[90m# stepdefinition.ninjaGraph.user_click_on_get_started_button_on_graph()&amp#27;[0m
  &amp#27;[32mThen &amp#27;[0m&amp#27;[32mIt should navigate to Graph page with title &amp#27;[0m&amp#27;[32m&amp#27;[1m"Graph"&amp#27;[0m                                                &amp#27;[90m# stepdefinition.ninjaGraph.it_should_navigate_to_graph_page_with_title(java.lang.String)&amp#27;[0m
  &amp#27;[32mWhen &amp#27;[0m&amp#27;[32muser click on Graph link&amp#27;[0m                                                                           &amp#27;[90m# stepdefinition.ninjaGraph.user_click_on_graph_link()&amp#27;[0m
  &amp#27;[32mWhen &amp#27;[0m&amp#27;[32muser click on Try here&amp#27;[0m                                                                             &amp#27;[90m# stepdefinition.ninjaGraph.user_click_on_try_here()&amp#27;[0m
  &amp#27;[32mThen &amp#27;[0m&amp#27;[32mIt should navigate to Graph Assessement page with title &amp#27;[0m&amp#27;[32m&amp#27;[1m"Assessment"&amp#27;[0m                               &amp#27;[90m# stepdefinition.ninjaGraph.it_should_navigate_to_graph_assessement_page_with_title(java.lang.String)&amp#27;[0m
  &amp#27;[32mWhen &amp#27;[0m&amp#27;[32muser enter the Python code in graph page&amp#27;[0m                                                           &amp#27;[90m# stepdefinition.ninjaGraph.user_enter_the_python_code_in_graph_page()&amp#27;[0m
  &amp#27;[32mAnd &amp#27;[0m&amp#27;[32mclick on run button in graph page&amp#27;[0m                                                                   &amp#27;[90m# stepdefinition.ninjaGraph.click_on_run_button_in_graph_page()&amp#27;[0m
  &amp#27;[32mThen &amp#27;[0m&amp#27;[32mUser navigate back from  graph page&amp#27;[0m                                                                &amp#27;[90m# stepdefinition.ninjaGraph.user_navigate_back_from_graph_page()&amp#27;[0m
]]></system-out>
  </testcase>
  <testcase name="User validate Graph Representations page" classname="Graph" time="1.248">
    <system-out><![CDATA[
@tag @taggraphrep
Scenario: User validate Graph Representations page                                                             &amp#27;[90m# src/test/resources/Features/TC010_graph.feature:36&amp#27;[0m
  &amp#27;[32mWhen &amp#27;[0m&amp#27;[32muser click on Graph Representations link&amp#27;[0m                                                                &amp#27;[90m# stepdefinition.ninjaGraph.user_click_on_graph_representations_link()&amp#27;[0m
  &amp#27;[32mThen &amp#27;[0m&amp#27;[32mIt should navigate to Graph Representations page with title &amp#27;[0m&amp#27;[32m&amp#27;[1m"Graph Representations"&amp#27;[0m                     &amp#27;[90m# stepdefinition.ninjaGraph.it_should_navigate_to_graph_representations_page_with_title(java.lang.String)&amp#27;[0m
  &amp#27;[32mWhen &amp#27;[0m&amp#27;[32muser click on Try here in Graph Representations page&amp#27;[0m                                                    &amp#27;[90m# stepdefinition.ninjaGraph.user_click_on_try_here_in_graph_representations_page()&amp#27;[0m
  &amp#27;[32mThen &amp#27;[0m&amp#27;[32mIt should navigate to Graph Representations page with title &amp#27;[0m&amp#27;[32m&amp#27;[1m"Assessment"&amp#27;[0m                                &amp#27;[90m# stepdefinition.ninjaGraph.it_should_navigate_to_graph_representations_page_with_title(java.lang.String)&amp#27;[0m
  &amp#27;[32mWhen &amp#27;[0m&amp#27;[32muser enter the Python code in Graph Representations page&amp#27;[0m                                                &amp#27;[90m# stepdefinition.ninjaGraph.user_enter_the_python_code_in_graph_representations_page()&amp#27;[0m
  &amp#27;[32mAnd &amp#27;[0m&amp#27;[32mclick on run button in Graph Representations page&amp#27;[0m                                                        &amp#27;[90m# stepdefinition.ninjaGraph.click_on_run_button_in_graph_representations_page()&amp#27;[0m
  &amp#27;[32mThen &amp#27;[0m&amp#27;[32muser is navigated to home page from Graph Representations page &amp#27;[0m&amp#27;[32m&amp#27;[1m"https://dsportalapp.herokuapp.com/home"&amp#27;[0m &amp#27;[90m# stepdefinition.ninjaGraph.user_is_navigated_to_home_page_from_graph_representations_page(java.lang.String)&amp#27;[0m
]]></system-out>
  </testcase>
</testsuite>